TN:
SF:/Users/davidescalzo/Desktop/kauri-serverless/app/components/AddOptions/index.tsx
FN:11,(anonymous_0)
FN:19,(anonymous_1)
FNF:2
FNH:2
FNDA:1,(anonymous_0)
FNDA:1,(anonymous_1)
DA:6,1
DA:11,1
DA:19,1
DA:20,1
LF:4
LH:4
BRF:0
BRH:0
end_of_record
TN:
SF:/Users/davidescalzo/Desktop/kauri-serverless/app/components/Button/AddMemberButton.tsx
FN:25,(anonymous_0)
FNF:1
FNH:1
FNDA:1,(anonymous_0)
DA:9,1
DA:25,1
DA:32,1
LF:3
LH:3
BRDA:26,0,0,1
BRDA:27,1,0,1
BRDA:35,2,0,1
BRDA:35,2,1,1
BRF:4
BRH:4
end_of_record
TN:
SF:/Users/davidescalzo/Desktop/kauri-serverless/app/components/Button/AddTagButton.tsx
FN:16,(anonymous_0)
FN:18,(anonymous_1)
FN:27,(anonymous_2)
FN:29,(anonymous_3)
FN:40,(anonymous_4)
FN:57,(anonymous_5)
FNF:6
FNH:6
FNDA:1,(anonymous_0)
FNDA:1,(anonymous_1)
FNDA:1,(anonymous_2)
FNDA:1,(anonymous_3)
FNDA:1,(anonymous_4)
FNDA:1,(anonymous_5)
DA:8,1
DA:16,1
DA:18,1
DA:27,1
DA:29,1
DA:37,1
DA:40,1
DA:67,1
LF:8
LH:8
BRDA:16,0,0,0
BRDA:16,0,1,1
BRDA:27,1,0,1
BRDA:27,1,1,0
BRDA:29,2,0,0
BRDA:29,2,1,1
BRDA:58,3,0,0
BRDA:59,4,0,1
BRDA:60,5,0,1
BRDA:61,6,0,1
BRDA:62,7,0,1
BRDA:76,8,0,1
BRDA:76,8,1,0
BRF:13
BRH:8
end_of_record
TN:
SF:/Users/davidescalzo/Desktop/kauri-serverless/app/components/Button/MediumImportButton.tsx
FN:21,(anonymous_0)
FNF:1
FNH:1
FNDA:1,(anonymous_0)
DA:6,1
DA:12,1
DA:21,1
DA:22,1
LF:4
LH:4
BRDA:27,0,0,0
BRDA:27,0,1,1
BRF:2
BRH:1
end_of_record
TN:
SF:/Users/davidescalzo/Desktop/kauri-serverless/app/components/Button/PrimaryButton.tsx
FN:16,(anonymous_0)
FN:29,(anonymous_1)
FN:35,(anonymous_2)
FN:42,(anonymous_3)
FN:69,(anonymous_4)
FNF:5
FNH:5
FNDA:3,(anonymous_0)
FNDA:3,(anonymous_1)
FNDA:3,(anonymous_2)
FNDA:1,(anonymous_3)
FNDA:1,(anonymous_4)
DA:10,4
DA:17,3
DA:29,3
DA:35,3
DA:39,4
DA:43,1
DA:69,4
DA:86,1
LF:8
LH:8
BRDA:17,0,0,3
BRDA:17,0,1,0
BRDA:29,1,0,0
BRDA:29,1,1,3
BRDA:35,2,0,0
BRDA:35,2,1,3
BRDA:43,3,0,0
BRDA:43,3,1,1
BRDA:45,4,0,1
BRDA:45,4,1,1
BRDA:45,4,2,1
BRDA:70,5,0,1
BRDA:72,6,0,1
BRDA:73,7,0,1
BRDA:74,8,0,1
BRDA:75,9,0,1
BRDA:76,10,0,1
BRDA:79,11,0,1
BRDA:90,12,0,1
BRDA:90,12,1,1
BRDA:100,13,0,1
BRDA:100,13,1,1
BRF:22
BRH:18
end_of_record
TN:
SF:/Users/davidescalzo/Desktop/kauri-serverless/app/components/Button/SecondaryButton.tsx
FN:16,(anonymous_0)
FN:19,(anonymous_1)
FN:39,(anonymous_2)
FNF:3
FNH:3
FNDA:2,(anonymous_0)
FNDA:2,(anonymous_1)
FNDA:2,(anonymous_2)
DA:14,3
DA:16,2
DA:19,2
DA:39,3
DA:55,2
LF:5
LH:5
BRDA:41,0,0,2
BRDA:42,1,0,2
BRDA:43,2,0,2
BRDA:44,3,0,2
BRDA:45,4,0,2
BRDA:46,5,0,2
BRDA:47,6,0,2
BRDA:50,7,0,2
BRDA:59,8,0,2
BRDA:59,8,1,1
BRDA:69,9,0,2
BRDA:69,9,1,2
BRF:12
BRH:12
end_of_record
TN:
SF:/Users/davidescalzo/Desktop/kauri-serverless/app/components/Button/TertiaryButton.tsx
FN:19,(anonymous_0)
FN:22,(anonymous_1)
FN:30,(anonymous_2)
FN:54,(anonymous_3)
FNF:4
FNH:4
FNDA:3,(anonymous_0)
FNDA:3,(anonymous_1)
FNDA:3,(anonymous_2)
FNDA:3,(anonymous_3)
DA:12,2
DA:19,3
DA:22,3
DA:30,3
DA:54,2
DA:66,3
LF:6
LH:6
BRDA:19,0,0,0
BRDA:19,0,1,3
BRDA:22,1,0,0
BRDA:22,1,1,3
BRDA:55,2,0,3
BRDA:56,3,0,3
BRDA:57,4,0,3
BRDA:58,5,0,3
BRDA:59,6,0,1
BRDA:60,7,0,3
BRDA:69,8,0,3
BRDA:69,8,1,3
BRF:12
BRH:10
end_of_record
TN:
SF:/Users/davidescalzo/Desktop/kauri-serverless/app/components/Button/UploadLogoButton.tsx
FN:15,(anonymous_0)
FN:21,(anonymous_1)
FN:24,(anonymous_2)
FN:25,(anonymous_3)
FN:26,(anonymous_4)
FN:29,(anonymous_5)
FN:32,(anonymous_6)
FN:38,(anonymous_7)
FN:68,(anonymous_8)
FNF:9
FNH:9
FNDA:1,(anonymous_0)
FNDA:1,(anonymous_1)
FNDA:1,(anonymous_2)
FNDA:1,(anonymous_3)
FNDA:1,(anonymous_4)
FNDA:1,(anonymous_5)
FNDA:1,(anonymous_6)
FNDA:1,(anonymous_7)
FNDA:1,(anonymous_8)
DA:13,1
DA:19,1
DA:22,1
DA:24,1
DA:25,1
DA:26,1
DA:29,1
DA:36,1
DA:38,1
DA:43,1
DA:68,1
DA:81,1
LF:12
LH:12
BRDA:22,0,0,0
BRDA:22,0,1,1
BRDA:24,1,0,0
BRDA:24,1,1,1
BRDA:29,2,0,0
BRDA:29,2,1,1
BRDA:71,3,0,1
BRDA:72,4,0,1
BRDA:73,5,0,1
BRDA:74,6,0,1
BRDA:75,7,0,1
BRDA:87,8,0,1
BRDA:87,8,1,1
BRDA:94,9,0,1
BRDA:94,9,1,0
BRF:15
BRH:11
end_of_record
TN:
SF:/Users/davidescalzo/Desktop/kauri-serverless/app/components/Button/index.ts
FNF:0
FNH:0
LF:0
LH:0
BRF:0
BRH:0
end_of_record
TN:
SF:/Users/davidescalzo/Desktop/kauri-serverless/app/components/Card/ArticleCardMaterial.tsx
FN:30,(anonymous_0)
FN:49,(anonymous_1)
FNF:2
FNH:0
FNDA:0,(anonymous_0)
FNDA:0,(anonymous_1)
DA:30,1
DA:59,0
DA:60,0
LF:3
LH:1
BRDA:63,0,0,0
BRDA:63,0,1,0
BRDA:67,1,0,0
BRDA:67,1,1,0
BRDA:72,2,0,0
BRDA:72,2,1,0
BRDA:72,3,0,0
BRDA:72,3,1,0
BRDA:73,4,0,0
BRDA:73,4,1,0
BRDA:77,5,0,0
BRDA:77,5,1,0
BRDA:79,6,0,0
BRDA:79,6,1,0
BRDA:79,6,2,0
BRDA:86,7,0,0
BRDA:86,7,1,0
BRDA:86,7,2,0
BRDA:86,7,3,0
BRDA:93,8,0,0
BRDA:93,8,1,0
BRDA:93,8,2,0
BRDA:108,9,0,0
BRDA:108,9,1,0
BRDA:108,10,0,0
BRDA:108,10,1,0
BRDA:110,11,0,0
BRDA:110,11,1,0
BRF:28
BRH:0
end_of_record
TN:
SF:/Users/davidescalzo/Desktop/kauri-serverless/app/components/Card/BaseCard.tsx
FN:4,(anonymous_0)
FN:8,(anonymous_1)
FN:14,(anonymous_2)
FN:15,(anonymous_3)
FN:21,(anonymous_4)
FN:22,(anonymous_5)
FN:37,(anonymous_6)
FNF:7
FNH:0
FNDA:0,(anonymous_0)
FNDA:0,(anonymous_1)
FNDA:0,(anonymous_2)
FNDA:0,(anonymous_3)
FNDA:0,(anonymous_4)
FNDA:0,(anonymous_5)
FNDA:0,(anonymous_6)
DA:3,1
DA:4,0
DA:7,1
DA:8,0
DA:11,1
DA:14,0
DA:15,0
DA:21,0
DA:22,0
DA:48,0
LF:10
LH:3
BRDA:21,0,0,0
BRDA:21,0,1,0
BRDA:22,1,0,0
BRDA:22,1,1,0
BRDA:49,2,0,0
BRDA:49,2,1,0
BRDA:50,3,0,0
BRDA:50,3,1,0
BRF:8
BRH:0
end_of_record
TN:
SF:/Users/davidescalzo/Desktop/kauri-serverless/app/components/Card/CollectionCard.tsx
FN:25,(anonymous_0)
FN:37,(anonymous_1)
FN:46,(anonymous_2)
FN:69,(anonymous_3)
FN:124,(anonymous_4)
FN:133,(anonymous_5)
FN:135,(anonymous_6)
FN:144,(anonymous_7)
FN:145,(anonymous_8)
FN:146,(anonymous_9)
FN:158,(anonymous_10)
FN:181,(anonymous_11)
FN:194,(anonymous_12)
FN:230,(anonymous_13)
FN:291,(anonymous_14)
FN:343,(anonymous_15)
FN:347,(anonymous_16)
FN:350,(anonymous_17)
FN:357,(anonymous_18)
FN:359,(anonymous_19)
FN:362,(anonymous_20)
FN:364,(anonymous_21)
FN:367,(anonymous_22)
FN:372,(anonymous_23)
FN:380,(anonymous_24)
FN:382,(anonymous_25)
FN:385,(anonymous_26)
FN:390,(anonymous_27)
FN:392,(anonymous_28)
FN:395,(anonymous_29)
FN:416,(anonymous_30)
FN:418,(anonymous_31)
FN:420,(anonymous_32)
FN:429,(anonymous_33)
FN:458,(anonymous_34)
FN:545,(anonymous_35)
FN:574,(anonymous_36)
FN:624,(anonymous_37)
FNF:38
FNH:0
FNDA:0,(anonymous_0)
FNDA:0,(anonymous_1)
FNDA:0,(anonymous_2)
FNDA:0,(anonymous_3)
FNDA:0,(anonymous_4)
FNDA:0,(anonymous_5)
FNDA:0,(anonymous_6)
FNDA:0,(anonymous_7)
FNDA:0,(anonymous_8)
FNDA:0,(anonymous_9)
FNDA:0,(anonymous_10)
FNDA:0,(anonymous_11)
FNDA:0,(anonymous_12)
FNDA:0,(anonymous_13)
FNDA:0,(anonymous_14)
FNDA:0,(anonymous_15)
FNDA:0,(anonymous_16)
FNDA:0,(anonymous_17)
FNDA:0,(anonymous_18)
FNDA:0,(anonymous_19)
FNDA:0,(anonymous_20)
FNDA:0,(anonymous_21)
FNDA:0,(anonymous_22)
FNDA:0,(anonymous_23)
FNDA:0,(anonymous_24)
FNDA:0,(anonymous_25)
FNDA:0,(anonymous_26)
FNDA:0,(anonymous_27)
FNDA:0,(anonymous_28)
FNDA:0,(anonymous_29)
FNDA:0,(anonymous_30)
FNDA:0,(anonymous_31)
FNDA:0,(anonymous_32)
FNDA:0,(anonymous_33)
FNDA:0,(anonymous_34)
FNDA:0,(anonymous_35)
FNDA:0,(anonymous_36)
FNDA:0,(anonymous_37)
DA:19,1
DA:20,1
DA:21,1
DA:23,1
DA:25,0
DA:32,1
DA:37,0
DA:40,1
DA:46,1
DA:47,0
DA:62,1
DA:69,0
DA:74,1
DA:98,1
DA:118,1
DA:124,0
DA:128,1
DA:134,0
DA:136,0
DA:142,1
DA:144,0
DA:145,0
DA:146,0
DA:158,1
DA:165,0
DA:177,1
DA:181,0
DA:194,1
DA:195,0
DA:230,1
DA:244,0
DA:291,1
DA:305,0
DA:341,1
DA:344,0
DA:347,0
DA:351,0
DA:358,0
DA:359,0
DA:363,0
DA:364,0
DA:368,0
DA:373,0
DA:378,1
DA:381,0
DA:382,0
DA:386,0
DA:391,0
DA:392,0
DA:396,0
DA:401,1
DA:406,1
DA:416,0
DA:418,0
DA:420,0
DA:429,1
DA:434,0
DA:458,1
DA:472,0
DA:545,1
DA:552,0
DA:574,1
DA:594,0
DA:599,0
DA:625,0
LF:65
LH:26
BRDA:69,0,0,0
BRDA:69,0,1,0
BRDA:134,1,0,0
BRDA:134,1,1,0
BRDA:136,2,0,0
BRDA:136,2,1,0
BRDA:161,3,0,0
BRDA:200,4,0,0
BRDA:200,4,1,0
BRDA:200,5,0,0
BRDA:200,5,1,0
BRDA:202,6,0,0
BRDA:202,6,1,0
BRDA:205,7,0,0
BRDA:205,7,1,0
BRDA:205,8,0,0
BRDA:205,8,1,0
BRDA:207,9,0,0
BRDA:207,9,1,0
BRDA:265,10,0,0
BRDA:265,10,1,0
BRDA:305,11,0,0
BRDA:305,11,1,0
BRDA:344,12,0,0
BRDA:344,12,1,0
BRDA:344,12,2,0
BRDA:351,13,0,0
BRDA:351,13,1,0
BRDA:351,13,2,0
BRDA:358,14,0,0
BRDA:358,14,1,0
BRDA:363,15,0,0
BRDA:363,15,1,0
BRDA:368,16,0,0
BRDA:368,16,1,0
BRDA:373,17,0,0
BRDA:373,17,1,0
BRDA:381,18,0,0
BRDA:381,18,1,0
BRDA:386,19,0,0
BRDA:386,19,1,0
BRDA:391,20,0,0
BRDA:391,20,1,0
BRDA:396,21,0,0
BRDA:396,21,1,0
BRDA:420,22,0,0
BRDA:420,22,1,0
BRDA:474,23,0,0
BRDA:474,23,1,0
BRDA:480,24,0,0
BRDA:480,24,1,0
BRDA:554,25,0,0
BRDA:554,25,1,0
BRDA:558,26,0,0
BRDA:558,26,1,0
BRDA:562,27,0,0
BRDA:562,27,1,0
BRDA:566,28,0,0
BRDA:566,28,1,0
BRDA:583,29,0,0
BRDA:584,30,0,0
BRDA:590,31,0,0
BRDA:612,32,0,0
BRDA:612,32,1,0
BRDA:612,32,2,0
BRDA:625,33,0,0
BRDA:625,33,1,0
BRDA:629,34,0,0
BRDA:629,34,1,0
BRDA:629,34,2,0
BRDA:651,35,0,0
BRDA:651,35,1,0
BRDA:651,36,0,0
BRDA:651,36,1,0
BRDA:651,36,2,0
BRF:75
BRH:0
end_of_record
TN:
SF:/Users/davidescalzo/Desktop/kauri-serverless/app/components/Card/CommunityCard.tsx
FN:42,(anonymous_0)
FN:55,(anonymous_1)
FN:68,(anonymous_2)
FN:79,(anonymous_3)
FN:81,(anonymous_4)
FN:90,(anonymous_5)
FN:124,(anonymous_6)
FN:141,(anonymous_7)
FNF:8
FNH:0
FNDA:0,(anonymous_0)
FNDA:0,(anonymous_1)
FNDA:0,(anonymous_2)
FNDA:0,(anonymous_3)
FNDA:0,(anonymous_4)
FNDA:0,(anonymous_5)
FNDA:0,(anonymous_6)
FNDA:0,(anonymous_7)
DA:6,1
DA:7,1
DA:9,1
DA:22,1
DA:27,1
DA:36,1
DA:42,0
DA:46,1
DA:55,0
DA:63,1
DA:69,0
DA:77,1
DA:79,0
DA:81,0
DA:90,1
DA:95,0
DA:120,1
DA:124,0
DA:141,1
DA:152,0
DA:154,0
LF:21
LH:12
BRDA:69,0,0,0
BRDA:69,0,1,0
BRDA:97,1,0,0
BRDA:97,1,1,0
BRDA:104,2,0,0
BRDA:104,2,1,0
BRDA:104,3,0,0
BRDA:104,3,1,0
BRDA:106,4,0,0
BRDA:106,4,1,0
BRDA:111,5,0,0
BRDA:111,5,1,0
BRDA:111,6,0,0
BRDA:111,6,1,0
BRDA:113,7,0,0
BRDA:113,7,1,0
BRDA:144,8,0,0
BRDA:164,9,0,0
BRDA:164,9,1,0
BRDA:179,10,0,0
BRDA:179,10,1,0
BRDA:179,10,2,0
BRDA:182,11,0,0
BRDA:182,11,1,0
BRDA:186,12,0,0
BRDA:186,12,1,0
BRDA:190,13,0,0
BRDA:190,13,1,0
BRDA:194,14,0,0
BRDA:194,14,1,0
BRF:30
BRH:0
end_of_record
TN:
SF:/Users/davidescalzo/Desktop/kauri-serverless/app/components/Checkbox/EmailCheckbox.tsx
FN:41,(anonymous_0)
FN:56,(anonymous_1)
FNF:2
FNH:1
FNDA:0,(anonymous_0)
FNDA:1,(anonymous_1)
DA:6,1
DA:8,1
DA:29,1
DA:41,1
DA:42,0
DA:51,1
DA:56,1
DA:57,1
LF:8
LH:7
BRF:0
BRH:0
end_of_record
TN:
SF:/Users/davidescalzo/Desktop/kauri-serverless/app/components/Checkbox/index.tsx
FN:5,(anonymous_0)
FN:12,(anonymous_1)
FN:24,(anonymous_2)
FN:79,(anonymous_3)
FN:82,(anonymous_4)
FNF:5
FNH:4
FNDA:2,(anonymous_0)
FNDA:2,(anonymous_1)
FNDA:2,(anonymous_2)
FNDA:2,(anonymous_3)
FNDA:0,(anonymous_4)
DA:3,2
DA:5,2
DA:12,2
DA:24,2
DA:79,2
DA:80,2
DA:82,0
LF:7
LH:6
BRDA:5,0,0,2
BRDA:5,0,1,0
BRDA:12,1,0,0
BRDA:12,1,1,2
BRDA:82,2,0,0
BRDA:82,2,1,0
BRF:6
BRH:2
end_of_record
TN:
SF:/Users/davidescalzo/Desktop/kauri-serverless/app/components/CuratedCategory/index.tsx
FN:16,(anonymous_0)
FN:18,(anonymous_1)
FN:37,(anonymous_2)
FN:40,(anonymous_3)
FN:51,(anonymous_4)
FN:52,(anonymous_5)
FN:53,(anonymous_6)
FN:55,(anonymous_7)
FN:56,(anonymous_8)
FN:71,(anonymous_9)
FNF:10
FNH:5
FNDA:1,(anonymous_0)
FNDA:1,(anonymous_1)
FNDA:1,(anonymous_2)
FNDA:1,(anonymous_3)
FNDA:0,(anonymous_4)
FNDA:0,(anonymous_5)
FNDA:0,(anonymous_6)
FNDA:0,(anonymous_7)
FNDA:0,(anonymous_8)
FNDA:1,(anonymous_9)
DA:7,1
DA:9,1
DA:16,1
DA:18,1
DA:30,1
DA:37,1
DA:40,1
DA:44,1
DA:51,0
DA:52,0
DA:53,0
DA:55,0
DA:56,0
DA:71,1
DA:77,1
LF:15
LH:10
BRDA:78,0,0,1
BRDA:78,0,1,1
BRF:2
BRH:2
end_of_record
TN:
SF:/Users/davidescalzo/Desktop/kauri-serverless/app/components/CuratedLists/index.tsx
FN:18,(anonymous_0)
FN:22,(anonymous_1)
FN:29,(anonymous_2)
FN:32,(anonymous_3)
FN:48,(anonymous_4)
FN:51,(anonymous_5)
FN:86,(anonymous_6)
FN:90,(anonymous_7)
FN:130,(anonymous_8)
FNF:9
FNH:2
FNDA:1,(anonymous_0)
FNDA:1,(anonymous_1)
FNDA:0,(anonymous_2)
FNDA:0,(anonymous_3)
FNDA:0,(anonymous_4)
FNDA:0,(anonymous_5)
FNDA:0,(anonymous_6)
FNDA:0,(anonymous_7)
FNDA:0,(anonymous_8)
DA:18,1
DA:22,1
DA:23,1
DA:25,0
DA:28,0
DA:30,0
DA:31,0
DA:33,0
DA:41,0
DA:43,0
DA:47,0
DA:49,0
DA:50,0
DA:52,0
DA:57,0
DA:59,0
DA:63,0
DA:68,0
DA:87,0
DA:88,0
DA:91,0
DA:102,0
DA:120,0
DA:131,0
DA:139,1
LF:25
LH:4
BRDA:23,0,0,0
BRDA:23,0,1,0
BRDA:23,0,2,0
BRDA:23,0,3,1
BRDA:28,1,0,0
BRDA:28,1,1,0
BRDA:30,2,0,0
BRDA:30,2,1,0
BRDA:30,3,0,0
BRDA:30,3,1,0
BRDA:34,4,0,0
BRDA:34,4,1,0
BRDA:47,5,0,0
BRDA:47,5,1,0
BRDA:49,6,0,0
BRDA:49,6,1,0
BRDA:49,7,0,0
BRDA:49,7,1,0
BRDA:52,8,0,0
BRDA:52,8,1,0
BRDA:63,9,0,0
BRDA:63,9,1,0
BRDA:76,10,0,0
BRDA:76,10,1,0
BRDA:76,11,0,0
BRDA:76,11,1,0
BRDA:80,12,0,0
BRDA:80,12,1,0
BRDA:81,13,0,0
BRDA:81,13,1,0
BRDA:87,14,0,0
BRDA:87,14,1,0
BRDA:91,15,0,0
BRDA:91,15,1,0
BRDA:105,16,0,0
BRDA:105,16,1,0
BRDA:105,16,2,0
BRF:37
BRH:1
end_of_record
TN:
SF:/Users/davidescalzo/Desktop/kauri-serverless/app/components/DiffViewer/index.tsx
FN:10,(anonymous_0)
FN:45,(anonymous_1)
FN:49,(anonymous_2)
FNF:3
FNH:3
FNDA:1,(anonymous_0)
FNDA:9,(anonymous_1)
FNDA:1,(anonymous_2)
DA:9,1
DA:10,1
DA:16,1
DA:20,1
DA:45,1
DA:46,9
DA:49,1
DA:50,1
LF:8
LH:8
BRF:0
BRH:0
end_of_record
TN:
SF:/Users/davidescalzo/Desktop/kauri-serverless/app/components/DiffViewer/types.ts
FNF:0
FNH:0
LF:0
LH:0
BRF:0
BRH:0
end_of_record
TN:
SF:/Users/davidescalzo/Desktop/kauri-serverless/app/components/Divider/index.tsx
FNF:0
FNH:0
DA:4,1
LF:1
LH:1
BRF:0
BRH:0
end_of_record
TN:
SF:/Users/davidescalzo/Desktop/kauri-serverless/app/components/FeaturedContent/index.tsx
FN:14,(anonymous_0)
FN:16,(anonymous_1)
FN:18,(anonymous_2)
FN:26,(anonymous_3)
FN:28,(anonymous_4)
FN:34,(anonymous_5)
FN:40,(anonymous_6)
FN:50,(anonymous_7)
FN:51,(anonymous_8)
FN:53,(anonymous_9)
FN:56,(anonymous_10)
FN:66,(anonymous_11)
FN:69,(anonymous_12)
FN:72,(anonymous_13)
FN:75,(anonymous_14)
FN:91,(anonymous_15)
FN:94,(anonymous_16)
FN:124,(anonymous_17)
FN:126,(anonymous_18)
FN:141,(anonymous_19)
FN:154,(anonymous_20)
FN:180,(anonymous_21)
FN:193,(anonymous_22)
FN:211,(anonymous_23)
FNF:24
FNH:0
FNDA:0,(anonymous_0)
FNDA:0,(anonymous_1)
FNDA:0,(anonymous_2)
FNDA:0,(anonymous_3)
FNDA:0,(anonymous_4)
FNDA:0,(anonymous_5)
FNDA:0,(anonymous_6)
FNDA:0,(anonymous_7)
FNDA:0,(anonymous_8)
FNDA:0,(anonymous_9)
FNDA:0,(anonymous_10)
FNDA:0,(anonymous_11)
FNDA:0,(anonymous_12)
FNDA:0,(anonymous_13)
FNDA:0,(anonymous_14)
FNDA:0,(anonymous_15)
FNDA:0,(anonymous_16)
FNDA:0,(anonymous_17)
FNDA:0,(anonymous_18)
FNDA:0,(anonymous_19)
FNDA:0,(anonymous_20)
FNDA:0,(anonymous_21)
FNDA:0,(anonymous_22)
FNDA:0,(anonymous_23)
DA:7,0
DA:9,0
DA:14,0
DA:16,0
DA:18,0
DA:23,0
DA:26,0
DA:28,0
DA:33,0
DA:34,0
DA:39,0
DA:40,0
DA:50,0
DA:51,0
DA:53,0
DA:56,0
DA:66,0
DA:67,0
DA:71,0
DA:73,0
DA:74,0
DA:76,0
DA:84,0
DA:86,0
DA:90,0
DA:92,0
DA:93,0
DA:95,0
DA:100,0
DA:102,0
DA:105,0
DA:110,0
DA:124,0
DA:125,0
DA:127,0
DA:129,0
DA:142,0
DA:155,0
DA:169,0
DA:181,0
DA:194,0
DA:204,0
DA:211,0
DA:212,0
LF:44
LH:0
BRDA:71,0,0,0
BRDA:71,0,1,0
BRDA:73,1,0,0
BRDA:73,1,1,0
BRDA:73,2,0,0
BRDA:73,2,1,0
BRDA:77,3,0,0
BRDA:77,3,1,0
BRDA:90,4,0,0
BRDA:90,4,1,0
BRDA:92,5,0,0
BRDA:92,5,1,0
BRDA:92,6,0,0
BRDA:92,6,1,0
BRDA:95,7,0,0
BRDA:95,7,1,0
BRDA:127,8,0,0
BRDA:127,8,1,0
BRDA:127,8,2,0
BRDA:140,9,0,0
BRDA:140,9,1,0
BRDA:140,9,2,0
BRDA:142,10,0,0
BRDA:142,10,1,0
BRDA:147,11,0,0
BRDA:147,11,1,0
BRDA:160,12,0,0
BRDA:160,12,1,0
BRDA:160,12,2,0
BRDA:179,13,0,0
BRDA:179,13,1,0
BRDA:179,13,2,0
BRDA:181,14,0,0
BRDA:181,14,1,0
BRDA:186,15,0,0
BRDA:186,15,1,0
BRF:36
BRH:0
end_of_record
TN:
SF:/Users/davidescalzo/Desktop/kauri-serverless/app/components/FeaturedResource/index.tsx
FN:12,(anonymous_0)
FN:15,(anonymous_1)
FN:18,(anonymous_2)
FN:26,(anonymous_3)
FN:43,(anonymous_4)
FN:45,(anonymous_5)
FN:46,(anonymous_6)
FN:47,(anonymous_7)
FN:70,(anonymous_8)
FNF:9
FNH:0
FNDA:0,(anonymous_0)
FNDA:0,(anonymous_1)
FNDA:0,(anonymous_2)
FNDA:0,(anonymous_3)
FNDA:0,(anonymous_4)
FNDA:0,(anonymous_5)
FNDA:0,(anonymous_6)
FNDA:0,(anonymous_7)
FNDA:0,(anonymous_8)
DA:10,0
DA:12,0
DA:15,0
DA:18,0
DA:21,0
DA:26,0
DA:30,0
DA:38,0
DA:43,0
DA:45,0
DA:46,0
DA:47,0
DA:70,0
DA:82,0
DA:83,0
LF:15
LH:0
BRDA:92,0,0,0
BRDA:92,0,1,0
BRDA:92,1,0,0
BRDA:92,1,1,0
BRDA:94,2,0,0
BRDA:94,2,1,0
BRDA:100,3,0,0
BRDA:100,3,1,0
BRDA:100,4,0,0
BRDA:100,4,1,0
BRDA:102,5,0,0
BRDA:102,5,1,0
BRDA:110,6,0,0
BRDA:110,6,1,0
BRDA:112,7,0,0
BRDA:112,7,1,0
BRDA:123,8,0,0
BRDA:123,8,1,0
BRDA:134,9,0,0
BRDA:134,9,1,0
BRDA:136,10,0,0
BRDA:136,10,1,0
BRF:22
BRH:0
end_of_record
TN:
SF:/Users/davidescalzo/Desktop/kauri-serverless/app/components/Footer/Consensys.tsx
FN:37,(anonymous_0)
FNF:1
FNH:1
FNDA:1,(anonymous_0)
DA:4,1
DA:16,1
DA:20,1
DA:26,1
DA:33,1
DA:38,1
LF:6
LH:6
BRF:0
BRH:0
end_of_record
TN:
SF:/Users/davidescalzo/Desktop/kauri-serverless/app/components/Footer/Email.tsx
FN:20,(anonymous_0)
FNF:1
FNH:1
FNDA:1,(anonymous_0)
DA:4,1
DA:10,1
DA:21,1
LF:3
LH:3
BRF:0
BRH:0
end_of_record
TN:
SF:/Users/davidescalzo/Desktop/kauri-serverless/app/components/Footer/Logo.tsx
FN:24,(anonymous_0)
FNF:1
FNH:1
FNDA:1,(anonymous_0)
DA:4,1
DA:9,1
DA:18,1
DA:25,1
LF:4
LH:4
BRF:0
BRH:0
end_of_record
TN:
SF:/Users/davidescalzo/Desktop/kauri-serverless/app/components/Footer/index.tsx
FN:14,(anonymous_0)
FN:15,(anonymous_1)
FN:23,(anonymous_2)
FNF:3
FNH:3
FNDA:1,(anonymous_0)
FNDA:1,(anonymous_1)
FNDA:1,(anonymous_2)
DA:7,1
DA:9,1
DA:14,1
DA:15,1
DA:24,1
LF:5
LH:5
BRF:0
BRH:0
end_of_record
TN:
SF:/Users/davidescalzo/Desktop/kauri-serverless/app/components/Headers/CollectionHeader.tsx
FN:15,(anonymous_0)
FN:16,(anonymous_1)
FN:16,(anonymous_2)
FN:28,(anonymous_3)
FN:31,(anonymous_4)
FN:34,(anonymous_5)
FN:37,(anonymous_6)
FN:48,(anonymous_7)
FN:51,(anonymous_8)
FN:54,(anonymous_9)
FN:58,(anonymous_10)
FN:61,(anonymous_11)
FN:84,(anonymous_12)
FN:167,(anonymous_13)
FNF:14
FNH:11
FNDA:1,(anonymous_0)
FNDA:1,(anonymous_1)
FNDA:1,(anonymous_2)
FNDA:1,(anonymous_3)
FNDA:1,(anonymous_4)
FNDA:1,(anonymous_5)
FNDA:1,(anonymous_6)
FNDA:1,(anonymous_7)
FNDA:1,(anonymous_8)
FNDA:1,(anonymous_9)
FNDA:0,(anonymous_10)
FNDA:0,(anonymous_11)
FNDA:1,(anonymous_12)
FNDA:0,(anonymous_13)
DA:10,1
DA:15,1
DA:16,1
DA:22,1
DA:28,1
DA:31,1
DA:34,1
DA:37,1
DA:41,1
DA:48,1
DA:51,1
DA:54,1
DA:58,1
DA:61,0
DA:84,1
DA:104,1
DA:105,1
DA:168,0
LF:18
LH:16
BRDA:31,0,0,1
BRDA:31,0,1,1
BRDA:111,1,0,1
BRDA:111,1,1,1
BRDA:137,2,0,1
BRDA:137,2,1,0
BRDA:160,3,0,0
BRDA:160,3,1,1
BRDA:160,4,0,1
BRDA:160,4,1,1
BRDA:165,5,0,1
BRDA:165,5,1,0
BRDA:168,6,0,0
BRDA:168,6,1,0
BRF:14
BRH:9
end_of_record
TN:
SF:/Users/davidescalzo/Desktop/kauri-serverless/app/components/Headers/ModalHeader.tsx
FN:17,(anonymous_0)
FNF:1
FNH:1
FNDA:1,(anonymous_0)
DA:3,1
DA:17,1
DA:18,1
LF:3
LH:3
BRF:0
BRH:0
end_of_record
TN:
SF:/Users/davidescalzo/Desktop/kauri-serverless/app/components/HoverDateLabel/index.tsx
FN:14,(anonymous_0)
FN:23,(anonymous_1)
FN:26,(anonymous_2)
FN:27,(anonymous_3)
FNF:4
FNH:2
FNDA:1,(anonymous_0)
FNDA:1,(anonymous_1)
FNDA:0,(anonymous_2)
FNDA:0,(anonymous_3)
DA:15,1
DA:16,1
DA:24,1
DA:26,0
DA:27,0
LF:5
LH:3
BRDA:30,0,0,0
BRDA:30,0,1,1
BRDA:31,1,0,0
BRDA:31,1,1,0
BRDA:35,2,0,0
BRDA:35,2,1,1
BRF:6
BRH:2
end_of_record
TN:
SF:/Users/davidescalzo/Desktop/kauri-serverless/app/components/Icon/AddIcon.tsx
FN:3,(anonymous_0)
FNF:1
FNH:1
FNDA:2,(anonymous_0)
DA:3,2
DA:4,2
LF:2
LH:2
BRF:0
BRH:0
end_of_record
TN:
SF:/Users/davidescalzo/Desktop/kauri-serverless/app/components/Icon/UploadIcon.tsx
FN:1,(anonymous_0)
FNF:1
FNH:1
FNDA:1,(anonymous_0)
DA:1,1
DA:2,1
LF:2
LH:2
BRF:0
BRH:0
end_of_record
TN:
SF:/Users/davidescalzo/Desktop/kauri-serverless/app/components/Image/index.tsx
FN:26,(anonymous_0)
FN:33,(anonymous_1)
FN:53,(anonymous_2)
FN:54,(anonymous_3)
FN:55,(anonymous_4)
FN:60,(anonymous_5)
FN:62,(anonymous_6)
FN:64,(anonymous_7)
FN:65,(anonymous_8)
FN:76,(anonymous_9)
FN:77,(anonymous_10)
FN:78,(anonymous_11)
FN:81,(anonymous_12)
FN:84,(anonymous_13)
FN:86,(anonymous_14)
FN:110,(anonymous_15)
FN:114,(anonymous_16)
FN:116,(anonymous_17)
FNF:18
FNH:16
FNDA:0,(anonymous_0)
FNDA:0,(anonymous_1)
FNDA:1,(anonymous_2)
FNDA:1,(anonymous_3)
FNDA:1,(anonymous_4)
FNDA:3,(anonymous_5)
FNDA:3,(anonymous_6)
FNDA:3,(anonymous_7)
FNDA:3,(anonymous_8)
FNDA:3,(anonymous_9)
FNDA:3,(anonymous_10)
FNDA:3,(anonymous_11)
FNDA:3,(anonymous_12)
FNDA:3,(anonymous_13)
FNDA:3,(anonymous_14)
FNDA:3,(anonymous_15)
FNDA:3,(anonymous_16)
FNDA:3,(anonymous_17)
DA:26,5
DA:31,0
DA:32,0
DA:33,0
DA:34,0
DA:35,0
DA:36,0
DA:37,0
DA:38,0
DA:39,0
DA:41,0
DA:45,0
DA:46,0
DA:48,0
DA:52,5
DA:53,1
DA:54,1
DA:55,1
DA:59,5
DA:61,3
DA:63,3
DA:64,3
DA:66,3
DA:76,3
DA:77,3
DA:79,3
DA:82,3
DA:84,3
DA:87,3
DA:111,3
DA:114,5
DA:115,3
DA:117,3
LF:33
LH:20
BRDA:31,0,0,0
BRDA:31,0,1,0
BRDA:32,1,0,0
BRDA:32,1,1,0
BRDA:34,2,0,0
BRDA:34,2,1,0
BRDA:34,3,0,0
BRDA:34,3,1,0
BRDA:36,4,0,0
BRDA:36,4,1,0
BRDA:36,5,0,0
BRDA:36,5,1,0
BRDA:38,6,0,0
BRDA:38,6,1,0
BRDA:38,7,0,0
BRDA:38,7,1,0
BRDA:45,8,0,0
BRDA:45,8,1,0
BRDA:45,9,0,0
BRDA:45,9,1,0
BRDA:61,10,0,1
BRDA:61,10,1,2
BRDA:63,11,0,2
BRDA:63,11,1,1
BRDA:64,12,0,3
BRDA:64,12,1,2
BRDA:67,13,0,0
BRDA:67,13,1,3
BRDA:76,14,0,0
BRDA:76,14,1,3
BRDA:77,15,0,3
BRDA:77,15,1,3
BRDA:79,16,0,3
BRDA:79,16,1,0
BRDA:82,17,0,3
BRDA:82,17,1,0
BRDA:84,18,0,1
BRDA:84,18,1,2
BRDA:87,19,0,3
BRDA:87,19,1,1
BRDA:91,20,0,1
BRDA:91,20,1,0
BRDA:99,21,0,1
BRDA:99,21,1,1
BRDA:100,22,0,1
BRDA:100,22,1,0
BRDA:102,23,0,1
BRDA:102,23,1,0
BRDA:104,24,0,1
BRDA:104,24,1,0
BRDA:106,25,0,1
BRDA:106,25,1,0
BRDA:111,26,0,3
BRDA:111,26,1,2
BRDA:111,26,2,1
BRF:55
BRH:26
end_of_record
TN:
SF:/Users/davidescalzo/Desktop/kauri-serverless/app/components/ImportYourContentBanner/index.tsx
FN:10,(anonymous_0)
FN:11,(anonymous_1)
FN:12,(anonymous_2)
FN:24,(anonymous_3)
FN:32,(anonymous_4)
FN:36,(anonymous_5)
FN:52,(anonymous_6)
FNF:7
FNH:6
FNDA:1,(anonymous_0)
FNDA:1,(anonymous_1)
FNDA:1,(anonymous_2)
FNDA:1,(anonymous_3)
FNDA:1,(anonymous_4)
FNDA:1,(anonymous_5)
FNDA:0,(anonymous_6)
DA:5,1
DA:10,1
DA:11,1
DA:12,1
DA:17,1
DA:24,1
DA:28,1
DA:32,1
DA:36,1
DA:37,1
DA:53,0
LF:11
LH:10
BRF:0
BRH:0
end_of_record
TN:
SF:/Users/davidescalzo/Desktop/kauri-serverless/app/components/Input/Input.tsx
FN:17,(anonymous_0)
FN:18,(anonymous_1)
FN:19,(anonymous_2)
FN:20,(anonymous_3)
FN:27,(anonymous_4)
FN:40,(anonymous_5)
FN:41,(anonymous_6)
FN:48,(anonymous_7)
FN:71,(anonymous_8)
FN:72,(anonymous_9)
FN:73,(anonymous_10)
FN:77,(anonymous_11)
FN:90,(anonymous_12)
FN:97,(anonymous_13)
FN:104,(anonymous_14)
FN:113,(anonymous_15)
FN:119,(anonymous_16)
FN:123,(anonymous_17)
FNF:18
FNH:13
FNDA:1,(anonymous_0)
FNDA:1,(anonymous_1)
FNDA:1,(anonymous_2)
FNDA:1,(anonymous_3)
FNDA:1,(anonymous_4)
FNDA:1,(anonymous_5)
FNDA:1,(anonymous_6)
FNDA:1,(anonymous_7)
FNDA:1,(anonymous_8)
FNDA:1,(anonymous_9)
FNDA:1,(anonymous_10)
FNDA:1,(anonymous_11)
FNDA:0,(anonymous_12)
FNDA:0,(anonymous_13)
FNDA:0,(anonymous_14)
FNDA:0,(anonymous_15)
FNDA:0,(anonymous_16)
FNDA:1,(anonymous_17)
DA:16,2
DA:17,1
DA:18,1
DA:19,1
DA:20,1
DA:27,1
DA:38,2
DA:40,1
DA:41,1
DA:48,1
DA:67,2
DA:71,1
DA:72,1
DA:73,1
DA:78,1
DA:79,1
DA:83,1
DA:84,1
DA:85,1
DA:86,1
DA:87,1
DA:91,0
DA:92,0
DA:93,0
DA:98,0
DA:99,0
DA:100,0
DA:105,0
DA:106,0
DA:107,0
DA:108,0
DA:109,0
DA:114,0
DA:115,0
DA:120,0
DA:133,1
DA:136,1
DA:138,1
LF:38
LH:24
BRDA:41,0,0,0
BRDA:41,0,1,1
BRDA:71,1,0,1
BRDA:71,1,1,0
BRDA:72,2,0,0
BRDA:72,2,1,1
BRDA:73,3,0,0
BRDA:73,3,1,1
BRDA:81,4,0,1
BRDA:81,4,1,1
BRDA:92,5,0,0
BRDA:92,5,1,0
BRDA:99,6,0,0
BRDA:99,6,1,0
BRDA:106,7,0,0
BRDA:106,7,1,0
BRDA:108,8,0,0
BRDA:108,8,1,0
BRDA:114,9,0,0
BRDA:114,9,1,0
BRDA:125,10,0,1
BRDA:126,11,0,1
BRDA:127,12,0,1
BRDA:128,13,0,1
BRDA:136,14,0,1
BRDA:136,14,1,1
BRDA:136,15,0,0
BRDA:136,15,1,1
BRDA:142,16,0,1
BRDA:142,16,1,1
BRDA:154,17,0,1
BRDA:154,17,1,1
BRDA:156,18,0,1
BRDA:156,18,1,0
BRF:34
BRH:18
end_of_record
TN:
SF:/Users/davidescalzo/Desktop/kauri-serverless/app/components/Input/index.ts
FNF:0
FNH:0
DA:3,2
LF:1
LH:1
BRF:0
BRH:0
end_of_record
TN:
SF:/Users/davidescalzo/Desktop/kauri-serverless/app/components/LatestContent/index.tsx
FN:13,(anonymous_0)
FN:15,(anonymous_1)
FN:18,(anonymous_2)
FN:20,(anonymous_3)
FN:21,(anonymous_4)
FN:31,(anonymous_5)
FN:32,(anonymous_6)
FN:33,(anonymous_7)
FN:44,(anonymous_8)
FN:46,(anonymous_9)
FN:48,(anonymous_10)
FN:49,(anonymous_11)
FN:64,(anonymous_12)
FNF:13
FNH:13
FNDA:1,(anonymous_0)
FNDA:1,(anonymous_1)
FNDA:1,(anonymous_2)
FNDA:1,(anonymous_3)
FNDA:1,(anonymous_4)
FNDA:1,(anonymous_5)
FNDA:1,(anonymous_6)
FNDA:1,(anonymous_7)
FNDA:1,(anonymous_8)
FNDA:1,(anonymous_9)
FNDA:1,(anonymous_10)
FNDA:1,(anonymous_11)
FNDA:1,(anonymous_12)
DA:7,1
DA:9,1
DA:13,1
DA:15,1
DA:18,1
DA:20,1
DA:21,1
DA:25,1
DA:31,1
DA:32,1
DA:33,1
DA:38,1
DA:44,1
DA:46,1
DA:48,1
DA:49,1
DA:64,1
DA:65,1
LF:18
LH:18
BRF:0
BRH:0
end_of_record
TN:
SF:/Users/davidescalzo/Desktop/kauri-serverless/app/components/Link/View.tsx
FN:8,(anonymous_0)
FN:10,(anonymous_1)
FN:12,(anonymous_2)
FN:14,(anonymous_3)
FN:16,(anonymous_4)
FN:36,(anonymous_5)
FN:56,(anonymous_6)
FN:69,(anonymous_7)
FN:77,(anonymous_8)
FNF:9
FNH:0
FNDA:0,(anonymous_0)
FNDA:0,(anonymous_1)
FNDA:0,(anonymous_2)
FNDA:0,(anonymous_3)
FNDA:0,(anonymous_4)
FNDA:0,(anonymous_5)
FNDA:0,(anonymous_6)
FNDA:0,(anonymous_7)
FNDA:0,(anonymous_8)
DA:5,1
DA:8,0
DA:10,0
DA:12,0
DA:14,0
DA:17,0
DA:36,0
DA:37,0
DA:44,0
DA:46,0
DA:47,0
DA:48,0
DA:51,0
DA:52,0
DA:58,0
DA:59,0
DA:62,0
DA:63,0
DA:65,0
DA:66,0
DA:69,0
DA:76,0
DA:77,0
LF:23
LH:1
BRDA:8,0,0,0
BRDA:8,0,1,0
BRDA:37,1,0,0
BRDA:37,1,1,0
BRDA:38,2,0,0
BRDA:38,2,1,0
BRDA:38,2,2,0
BRDA:38,2,3,0
BRDA:38,2,4,0
BRDA:48,3,0,0
BRDA:48,3,1,0
BRDA:51,4,0,0
BRDA:51,4,1,0
BRDA:58,5,0,0
BRDA:58,5,1,0
BRDA:58,5,2,0
BRDA:59,6,0,0
BRDA:59,6,1,0
BRDA:62,7,0,0
BRDA:62,7,1,0
BRDA:65,8,0,0
BRDA:65,8,1,0
BRF:22
BRH:0
end_of_record
TN:
SF:/Users/davidescalzo/Desktop/kauri-serverless/app/components/Link/index.ts
FN:7,(anonymous_0)
FN:8,(anonymous_1)
FNF:2
FNH:0
FNDA:0,(anonymous_0)
FNDA:0,(anonymous_1)
DA:7,0
DA:8,0
LF:2
LH:0
BRF:0
BRH:0
end_of_record
TN:
SF:/Users/davidescalzo/Desktop/kauri-serverless/app/components/Loading/index.tsx
FN:6,(anonymous_0)
FNF:1
FNH:1
FNDA:1,(anonymous_0)
DA:7,1
LF:1
LH:1
BRF:0
BRH:0
end_of_record
TN:
SF:/Users/davidescalzo/Desktop/kauri-serverless/app/components/Masonry/index.tsx
FN:8,(anonymous_0)
FN:9,(anonymous_1)
FN:10,(anonymous_2)
FN:20,(anonymous_3)
FN:21,(anonymous_4)
FN:22,(anonymous_5)
FN:23,(anonymous_6)
FN:33,(anonymous_7)
FNF:8
FNH:0
FNDA:0,(anonymous_0)
FNDA:0,(anonymous_1)
FNDA:0,(anonymous_2)
FNDA:0,(anonymous_3)
FNDA:0,(anonymous_4)
FNDA:0,(anonymous_5)
FNDA:0,(anonymous_6)
FNDA:0,(anonymous_7)
DA:5,0
DA:7,0
DA:8,0
DA:9,0
DA:10,0
DA:13,0
DA:20,0
DA:21,0
DA:22,0
DA:23,0
DA:34,0
DA:36,0
LF:12
LH:0
BRDA:22,0,0,0
BRDA:22,0,1,0
BRDA:34,1,0,0
BRF:3
BRH:0
end_of_record
TN:
SF:/Users/davidescalzo/Desktop/kauri-serverless/app/components/Modal/AlertView.tsx
FN:42,(anonymous_0)
FN:46,(anonymous_1)
FN:46,(anonymous_2)
FN:50,(anonymous_3)
FNF:4
FNH:0
FNDA:0,(anonymous_0)
FNDA:0,(anonymous_1)
FNDA:0,(anonymous_2)
FNDA:0,(anonymous_3)
DA:17,0
DA:25,0
DA:34,0
DA:42,0
DA:46,0
DA:47,0
DA:50,0
DA:51,0
LF:8
LH:0
BRDA:57,0,0,0
BRDA:57,0,1,0
BRDA:63,1,0,0
BRDA:63,1,1,0
BRDA:66,2,0,0
BRDA:66,2,1,0
BRDA:70,3,0,0
BRDA:70,3,1,0
BRF:8
BRH:0
end_of_record
TN:
SF:/Users/davidescalzo/Desktop/kauri-serverless/app/components/Modal/ChooseArticleContent.tsx
FN:20,(anonymous_0)
FN:24,(anonymous_1)
FNF:2
FNH:0
FNDA:0,(anonymous_0)
FNDA:0,(anonymous_1)
DA:6,0
DA:8,0
DA:20,0
DA:24,0
LF:4
LH:0
BRDA:24,0,0,0
BRDA:24,0,1,0
BRF:2
BRH:0
end_of_record
TN:
SF:/Users/davidescalzo/Desktop/kauri-serverless/app/components/Modal/ChooseCollectionContent.tsx
FN:15,(anonymous_0)
FN:16,(anonymous_1)
FNF:2
FNH:0
FNDA:0,(anonymous_0)
FNDA:0,(anonymous_1)
DA:5,0
DA:7,0
DA:16,0
LF:3
LH:0
BRDA:16,0,0,0
BRDA:16,0,1,0
BRF:2
BRH:0
end_of_record
TN:
SF:/Users/davidescalzo/Desktop/kauri-serverless/app/components/Modal/Module.ts
FN:17,(anonymous_0)
FN:21,(anonymous_1)
FN:40,(anonymous_2)
FNF:3
FNH:0
FNDA:0,(anonymous_0)
FNDA:0,(anonymous_1)
FNDA:0,(anonymous_2)
DA:14,0
DA:15,0
DA:17,0
DA:21,0
DA:23,0
DA:33,0
DA:41,0
DA:43,0
DA:45,0
DA:51,0
LF:10
LH:0
BRDA:40,0,0,0
BRDA:41,1,0,0
BRDA:41,1,1,0
BRDA:41,1,2,0
BRF:4
BRH:0
end_of_record
TN:
SF:/Users/davidescalzo/Desktop/kauri-serverless/app/components/Modal/View.tsx
FN:14,(anonymous_0)
FN:16,(anonymous_1)
FN:45,(anonymous_2)
FN:49,(anonymous_3)
FN:62,(anonymous_4)
FN:64,(anonymous_5)
FN:64,(anonymous_6)
FN:66,(anonymous_7)
FNF:8
FNH:0
FNDA:0,(anonymous_0)
FNDA:0,(anonymous_1)
FNDA:0,(anonymous_2)
FNDA:0,(anonymous_3)
FNDA:0,(anonymous_4)
FNDA:0,(anonymous_5)
FNDA:0,(anonymous_6)
FNDA:0,(anonymous_7)
DA:3,0
DA:14,0
DA:16,0
DA:19,0
DA:32,0
DA:44,0
DA:45,0
DA:49,0
DA:62,0
DA:64,0
DA:66,0
DA:71,0
LF:12
LH:0
BRDA:14,0,0,0
BRDA:14,0,1,0
BRDA:16,1,0,0
BRDA:16,1,1,0
BRDA:71,2,0,0
BRDA:71,2,1,0
BRF:6
BRH:0
end_of_record
TN:
SF:/Users/davidescalzo/Desktop/kauri-serverless/app/components/Modal/index.ts
FN:9,(anonymous_0)
FNF:1
FNH:0
FNDA:0,(anonymous_0)
DA:9,0
DA:11,0
LF:2
LH:0
BRF:0
BRH:0
end_of_record
TN:
SF:/Users/davidescalzo/Desktop/kauri-serverless/app/components/Navbar/Module.ts
FN:1,(anonymous_0)
FN:11,(anonymous_1)
FN:18,(anonymous_2)
FN:21,(anonymous_3)
FN:22,(anonymous_4)
FNF:5
FNH:0
FNDA:0,(anonymous_0)
FNDA:0,(anonymous_1)
FNDA:0,(anonymous_2)
FNDA:0,(anonymous_3)
FNDA:0,(anonymous_4)
DA:1,0
DA:5,0
DA:6,0
DA:11,0
DA:12,0
DA:13,0
DA:14,0
DA:15,0
DA:16,0
DA:18,0
DA:21,0
DA:22,0
DA:23,0
LF:13
LH:0
BRDA:15,0,0,0
BRDA:15,0,1,0
BRDA:18,1,0,0
BRDA:18,1,1,0
BRF:4
BRH:0
end_of_record
TN:
SF:/Users/davidescalzo/Desktop/kauri-serverless/app/components/Navbar/index.tsx
FN:19,(anonymous_0)
FN:112,(anonymous_1)
FN:125,(anonymous_2)
FN:131,handleMobileMenuClose
FN:135,handleMenuClose
FN:140,(anonymous_5)
FN:172,(anonymous_6)
FN:242,(anonymous_7)
FN:264,(anonymous_8)
FN:304,(anonymous_9)
FNF:10
FNH:0
FNDA:0,(anonymous_0)
FNDA:0,(anonymous_1)
FNDA:0,(anonymous_2)
FNDA:0,handleMobileMenuClose
FNDA:0,handleMenuClose
FNDA:0,(anonymous_5)
FNDA:0,(anonymous_6)
FNDA:0,(anonymous_7)
FNDA:0,(anonymous_8)
FNDA:0,(anonymous_9)
DA:19,0
DA:20,0
DA:112,0
DA:113,0
DA:114,0
DA:120,0
DA:122,0
DA:123,0
DA:125,0
DA:128,0
DA:132,0
DA:136,0
DA:137,0
DA:140,0
DA:143,0
DA:147,0
DA:161,0
DA:172,0
DA:187,0
DA:243,0
DA:245,0
DA:265,0
DA:304,0
LF:23
LH:0
BRDA:170,0,0,0
BRDA:170,0,1,0
BRDA:176,1,0,0
BRDA:176,1,1,0
BRDA:243,2,0,0
BRDA:243,2,1,0
BRDA:258,3,0,0
BRDA:258,3,1,0
BRDA:262,4,0,0
BRDA:262,4,1,0
BRDA:271,5,0,0
BRDA:271,5,1,0
BRDA:273,6,0,0
BRDA:273,6,1,0
BRDA:280,7,0,0
BRDA:280,7,1,0
BRF:16
BRH:0
end_of_record
TN:
SF:/Users/davidescalzo/Desktop/kauri-serverless/app/components/NewsletterBanner/index.tsx
FN:13,(anonymous_0)
FN:14,(anonymous_1)
FN:24,(anonymous_2)
FN:27,(anonymous_3)
FN:31,(anonymous_4)
FN:65,(anonymous_5)
FN:65,(anonymous_6)
FN:77,(anonymous_7)
FN:96,(anonymous_8)
FN:99,(anonymous_9)
FN:101,(anonymous_10)
FNF:11
FNH:0
FNDA:0,(anonymous_0)
FNDA:0,(anonymous_1)
FNDA:0,(anonymous_2)
FNDA:0,(anonymous_3)
FNDA:0,(anonymous_4)
FNDA:0,(anonymous_5)
FNDA:0,(anonymous_6)
FNDA:0,(anonymous_7)
FNDA:0,(anonymous_8)
FNDA:0,(anonymous_9)
FNDA:0,(anonymous_10)
DA:8,0
DA:13,0
DA:14,0
DA:17,0
DA:24,0
DA:27,0
DA:31,0
DA:32,0
DA:65,0
DA:66,0
DA:69,0
DA:70,0
DA:71,0
DA:73,0
DA:77,0
DA:78,0
DA:82,0
DA:97,0
DA:100,0
DA:101,0
DA:102,0
LF:21
LH:0
BRDA:70,0,0,0
BRDA:70,0,1,0
BRDA:70,1,0,0
BRDA:70,1,1,0
BRDA:100,2,0,0
BRDA:100,2,1,0
BRF:6
BRH:0
end_of_record
TN:
SF:/Users/davidescalzo/Desktop/kauri-serverless/app/components/PublicProfile/SocialWebsiteIcon.tsx
FN:13,(anonymous_0)
FNF:1
FNH:0
FNDA:0,(anonymous_0)
DA:3,0
DA:13,0
DA:18,0
LF:3
LH:0
BRDA:14,0,0,0
BRF:1
BRH:0
end_of_record
TN:
SF:/Users/davidescalzo/Desktop/kauri-serverless/app/components/PublicProfile/StatisticCount.tsx
FN:10,(anonymous_0)
FN:11,(anonymous_1)
FN:13,(anonymous_2)
FN:14,(anonymous_3)
FN:30,(anonymous_4)
FN:31,(anonymous_5)
FN:32,(anonymous_6)
FN:40,(anonymous_7)
FN:43,(anonymous_8)
FN:44,(anonymous_9)
FN:47,(anonymous_10)
FN:48,(anonymous_11)
FN:50,(anonymous_12)
FN:50,(anonymous_13)
FN:53,(anonymous_14)
FN:56,(anonymous_15)
FN:59,(anonymous_16)
FN:60,(anonymous_17)
FN:63,(anonymous_18)
FN:64,(anonymous_19)
FN:67,(anonymous_20)
FN:68,(anonymous_21)
FN:70,(anonymous_22)
FN:70,(anonymous_23)
FN:79,(anonymous_24)
FNF:25
FNH:17
FNDA:2,(anonymous_0)
FNDA:2,(anonymous_1)
FNDA:2,(anonymous_2)
FNDA:2,(anonymous_3)
FNDA:2,(anonymous_4)
FNDA:2,(anonymous_5)
FNDA:2,(anonymous_6)
FNDA:2,(anonymous_7)
FNDA:2,(anonymous_8)
FNDA:0,(anonymous_9)
FNDA:2,(anonymous_10)
FNDA:0,(anonymous_11)
FNDA:2,(anonymous_12)
FNDA:2,(anonymous_13)
FNDA:2,(anonymous_14)
FNDA:2,(anonymous_15)
FNDA:2,(anonymous_16)
FNDA:2,(anonymous_17)
FNDA:0,(anonymous_18)
FNDA:0,(anonymous_19)
FNDA:0,(anonymous_20)
FNDA:0,(anonymous_21)
FNDA:0,(anonymous_22)
FNDA:0,(anonymous_23)
FNDA:2,(anonymous_24)
DA:8,1
DA:10,2
DA:11,2
DA:13,2
DA:15,2
DA:21,1
DA:28,1
DA:30,2
DA:31,2
DA:33,2
DA:40,1
DA:41,2
DA:43,2
DA:44,0
DA:47,2
DA:48,0
DA:50,2
DA:53,1
DA:54,2
DA:56,1
DA:57,2
DA:59,2
DA:60,2
DA:63,0
DA:64,0
DA:67,0
DA:68,0
DA:70,0
DA:79,1
DA:80,2
LF:30
LH:23
BRDA:15,0,0,0
BRDA:15,0,1,2
BRDA:15,1,0,2
BRDA:15,1,1,2
BRDA:33,2,0,0
BRDA:33,2,1,2
BRDA:33,3,0,2
BRDA:33,3,1,2
BRDA:47,4,0,2
BRDA:47,4,1,0
BRDA:54,5,0,2
BRDA:54,5,1,2
BRDA:54,5,2,2
BRDA:59,6,0,2
BRDA:59,6,1,2
BRDA:63,7,0,0
BRDA:63,7,1,0
BRDA:67,8,0,0
BRDA:67,8,1,0
BRF:19
BRH:12
end_of_record
TN:
SF:/Users/davidescalzo/Desktop/kauri-serverless/app/components/PublicProfile/StatisticsContainer.tsx
FN:8,(anonymous_0)
FN:22,(anonymous_1)
FN:26,(anonymous_2)
FNF:3
FNH:3
FNDA:1,(anonymous_0)
FNDA:1,(anonymous_1)
FNDA:2,(anonymous_2)
DA:4,1
DA:8,1
DA:22,1
DA:23,1
DA:24,1
DA:27,2
LF:6
LH:6
BRF:0
BRH:0
end_of_record
TN:
SF:/Users/davidescalzo/Desktop/kauri-serverless/app/components/PublicProfileEmptyState/index.tsx
FN:13,(anonymous_0)
FN:14,(anonymous_1)
FN:19,(anonymous_2)
FN:22,(anonymous_3)
FN:25,(anonymous_4)
FN:33,(anonymous_5)
FN:56,(anonymous_6)
FNF:7
FNH:0
FNDA:0,(anonymous_0)
FNDA:0,(anonymous_1)
FNDA:0,(anonymous_2)
FNDA:0,(anonymous_3)
FNDA:0,(anonymous_4)
FNDA:0,(anonymous_5)
FNDA:0,(anonymous_6)
DA:4,0
DA:13,0
DA:15,0
DA:19,0
DA:22,0
DA:25,0
DA:29,0
DA:33,0
DA:37,0
DA:42,0
DA:56,0
DA:65,0
LF:12
LH:0
BRDA:15,0,0,0
BRDA:15,0,1,0
BRDA:66,1,0,0
BRDA:66,1,1,0
BRDA:68,2,0,0
BRDA:68,2,1,0
BRDA:73,3,0,0
BRDA:73,3,1,0
BRF:8
BRH:0
end_of_record
TN:
SF:/Users/davidescalzo/Desktop/kauri-serverless/app/components/PublishYourOwnContentCTA/index.tsx
FN:12,(anonymous_0)
FN:14,(anonymous_1)
FN:23,(anonymous_2)
FN:36,(anonymous_3)
FN:42,(anonymous_4)
FNF:5
FNH:0
FNDA:0,(anonymous_0)
FNDA:0,(anonymous_1)
FNDA:0,(anonymous_2)
FNDA:0,(anonymous_3)
FNDA:0,(anonymous_4)
DA:6,0
DA:8,0
DA:12,0
DA:14,0
DA:19,0
DA:23,0
DA:36,0
DA:37,0
DA:43,0
LF:9
LH:0
BRDA:40,0,0,0
BRDA:40,0,1,0
BRDA:43,1,0,0
BRDA:43,1,1,0
BRDA:53,2,0,0
BRDA:53,2,1,0
BRF:6
BRH:0
end_of_record
TN:
SF:/Users/davidescalzo/Desktop/kauri-serverless/app/components/ResourceCategory/index.tsx
FN:15,(anonymous_0)
FN:17,(anonymous_1)
FN:23,(anonymous_2)
FN:35,(anonymous_3)
FNF:4
FNH:0
FNDA:0,(anonymous_0)
FNDA:0,(anonymous_1)
FNDA:0,(anonymous_2)
FNDA:0,(anonymous_3)
DA:5,0
DA:7,0
DA:15,0
DA:17,0
DA:24,0
DA:35,0
DA:36,0
LF:7
LH:0
BRDA:17,0,0,0
BRDA:17,0,1,0
BRDA:24,1,0,0
BRDA:24,1,1,0
BRF:4
BRH:0
end_of_record
TN:
SF:/Users/davidescalzo/Desktop/kauri-serverless/app/components/ScrollIndicator/index.tsx
FN:16,(anonymous_0)
FN:18,(anonymous_1)
FN:27,(anonymous_2)
FN:34,(anonymous_3)
FN:38,(anonymous_4)
FN:42,(anonymous_5)
FN:53,(anonymous_6)
FNF:7
FNH:0
FNDA:0,(anonymous_0)
FNDA:0,(anonymous_1)
FNDA:0,(anonymous_2)
FNDA:0,(anonymous_3)
FNDA:0,(anonymous_4)
FNDA:0,(anonymous_5)
FNDA:0,(anonymous_6)
DA:4,0
DA:15,0
DA:16,0
DA:18,0
DA:28,0
DA:29,0
DA:32,0
DA:35,0
DA:39,0
DA:43,0
DA:45,0
DA:47,0
DA:49,0
DA:50,0
DA:54,0
LF:15
LH:0
BRDA:43,0,0,0
BRDA:43,0,1,0
BRDA:43,1,0,0
BRDA:43,1,1,0
BRDA:45,2,0,0
BRDA:45,2,1,0
BRF:6
BRH:0
end_of_record
TN:
SF:/Users/davidescalzo/Desktop/kauri-serverless/app/components/SearchResults/ResourceRowWithImage.tsx
FN:14,(anonymous_0)
FN:16,(anonymous_1)
FN:25,(anonymous_2)
FN:38,(anonymous_3)
FN:39,(anonymous_4)
FN:45,(anonymous_5)
FN:46,(anonymous_6)
FN:69,(anonymous_7)
FNF:8
FNH:0
FNDA:0,(anonymous_0)
FNDA:0,(anonymous_1)
FNDA:0,(anonymous_2)
FNDA:0,(anonymous_3)
FNDA:0,(anonymous_4)
FNDA:0,(anonymous_5)
FNDA:0,(anonymous_6)
FNDA:0,(anonymous_7)
DA:10,0
DA:12,0
DA:14,0
DA:16,0
DA:21,0
DA:25,0
DA:32,0
DA:34,0
DA:38,0
DA:39,0
DA:42,0
DA:45,0
DA:46,0
DA:69,0
DA:83,0
DA:84,0
LF:16
LH:0
BRDA:86,0,0,0
BRDA:86,0,1,0
BRDA:93,1,0,0
BRDA:93,1,1,0
BRDA:95,2,0,0
BRDA:95,2,1,0
BRDA:103,3,0,0
BRDA:103,3,1,0
BRDA:111,4,0,0
BRDA:111,4,1,0
BRDA:111,5,0,0
BRDA:111,5,1,0
BRDA:113,6,0,0
BRDA:113,6,1,0
BRDA:116,7,0,0
BRDA:116,7,1,0
BRDA:119,8,0,0
BRDA:119,8,1,0
BRDA:119,9,0,0
BRDA:119,9,1,0
BRDA:121,10,0,0
BRDA:121,10,1,0
BRDA:129,11,0,0
BRDA:129,11,1,0
BRDA:129,11,2,0
BRDA:137,12,0,0
BRDA:137,12,1,0
BRDA:139,13,0,0
BRDA:139,13,1,0
BRDA:154,14,0,0
BRDA:154,14,1,0
BRF:31
BRH:0
end_of_record
TN:
SF:/Users/davidescalzo/Desktop/kauri-serverless/app/components/Section/ActionsSection.tsx
FN:7,(anonymous_0)
FN:9,(anonymous_1)
FN:11,(anonymous_2)
FN:18,(anonymous_3)
FN:24,(anonymous_4)
FN:40,(anonymous_5)
FN:57,(anonymous_6)
FNF:7
FNH:0
FNDA:0,(anonymous_0)
FNDA:0,(anonymous_1)
FNDA:0,(anonymous_2)
FNDA:0,(anonymous_3)
FNDA:0,(anonymous_4)
FNDA:0,(anonymous_5)
FNDA:0,(anonymous_6)
DA:6,0
DA:7,0
DA:9,0
DA:11,0
DA:14,0
DA:18,0
DA:24,0
DA:25,0
DA:35,0
DA:40,0
DA:57,0
DA:67,0
LF:12
LH:0
BRDA:58,0,0,0
BRDA:59,1,0,0
BRDA:60,2,0,0
BRDA:61,3,0,0
BRDA:62,4,0,0
BRDA:63,5,0,0
BRDA:64,6,0,0
BRF:7
BRH:0
end_of_record
TN:
SF:/Users/davidescalzo/Desktop/kauri-serverless/app/components/Section/CardContentSection.ts
FN:10,(anonymous_0)
FN:12,(anonymous_1)
FNF:2
FNH:0
FNDA:0,(anonymous_0)
FNDA:0,(anonymous_1)
DA:3,0
DA:10,0
DA:12,0
LF:3
LH:0
BRF:0
BRH:0
end_of_record
TN:
SF:/Users/davidescalzo/Desktop/kauri-serverless/app/components/Section/CategorySection.tsx
FN:7,(anonymous_0)
FNF:1
FNH:0
FNDA:0,(anonymous_0)
DA:3,0
DA:7,0
LF:2
LH:0
BRF:0
BRH:0
end_of_record
TN:
SF:/Users/davidescalzo/Desktop/kauri-serverless/app/components/Section/ContentSection.tsx
FN:7,(anonymous_0)
FN:9,(anonymous_1)
FN:11,(anonymous_2)
FN:11,(anonymous_3)
FN:22,(anonymous_4)
FNF:5
FNH:0
FNDA:0,(anonymous_0)
FNDA:0,(anonymous_1)
FNDA:0,(anonymous_2)
FNDA:0,(anonymous_3)
FNDA:0,(anonymous_4)
DA:6,0
DA:7,0
DA:9,0
DA:11,0
DA:22,0
DA:30,0
LF:6
LH:0
BRDA:23,0,0,0
BRDA:24,1,0,0
BRDA:26,2,0,0
BRDA:27,3,0,0
BRDA:28,4,0,0
BRF:5
BRH:0
end_of_record
TN:
SF:/Users/davidescalzo/Desktop/kauri-serverless/app/components/Section/PadContentSection.tsx
FN:5,(anonymous_0)
FN:13,(anonymous_1)
FN:15,(anonymous_2)
FNF:3
FNH:0
FNDA:0,(anonymous_0)
FNDA:0,(anonymous_1)
FNDA:0,(anonymous_2)
DA:3,0
DA:5,0
DA:9,0
DA:14,0
DA:15,0
LF:5
LH:0
BRDA:14,0,0,0
BRDA:14,0,1,0
BRF:2
BRH:0
end_of_record
TN:
SF:/Users/davidescalzo/Desktop/kauri-serverless/app/components/Section/PrimaryHeaderSection.tsx
FN:6,(anonymous_0)
FN:18,(anonymous_1)
FN:19,(anonymous_2)
FN:21,(anonymous_3)
FN:21,(anonymous_4)
FN:22,(anonymous_5)
FN:34,(anonymous_6)
FNF:7
FNH:0
FNDA:0,(anonymous_0)
FNDA:0,(anonymous_1)
FNDA:0,(anonymous_2)
FNDA:0,(anonymous_3)
FNDA:0,(anonymous_4)
FNDA:0,(anonymous_5)
FNDA:0,(anonymous_6)
DA:5,0
DA:7,0
DA:16,0
DA:18,0
DA:19,0
DA:21,0
DA:22,0
DA:34,0
DA:41,0
LF:9
LH:0
BRDA:7,0,0,0
BRDA:7,0,1,0
BRDA:22,1,0,0
BRDA:22,1,1,0
BRDA:35,2,0,0
BRDA:37,3,0,0
BRDA:38,4,0,0
BRF:7
BRH:0
end_of_record
TN:
SF:/Users/davidescalzo/Desktop/kauri-serverless/app/components/Section/TopResourcesSection.tsx
FN:7,(anonymous_0)
FN:15,(anonymous_1)
FNF:2
FNH:0
FNDA:0,(anonymous_0)
FNDA:0,(anonymous_1)
DA:3,0
DA:7,0
DA:15,0
LF:3
LH:0
BRF:0
BRH:0
end_of_record
TN:
SF:/Users/davidescalzo/Desktop/kauri-serverless/app/components/Select/index.tsx
FN:37,(anonymous_0)
FN:113,(anonymous_1)
FN:117,(anonymous_2)
FN:123,(anonymous_3)
FN:133,(anonymous_4)
FN:134,(anonymous_5)
FN:147,(anonymous_6)
FNF:7
FNH:0
FNDA:0,(anonymous_0)
FNDA:0,(anonymous_1)
FNDA:0,(anonymous_2)
FNDA:0,(anonymous_3)
FNDA:0,(anonymous_4)
FNDA:0,(anonymous_5)
FNDA:0,(anonymous_6)
DA:7,0
DA:25,0
DA:37,0
DA:38,0
DA:105,0
DA:113,0
DA:117,0
DA:123,0
DA:134,0
DA:135,0
DA:136,0
DA:138,0
DA:140,0
DA:141,0
DA:142,0
DA:145,0
DA:147,0
DA:148,0
DA:149,0
DA:154,0
LF:20
LH:0
BRDA:138,0,0,0
BRDA:138,0,1,0
BRDA:140,1,0,0
BRDA:140,1,1,0
BRDA:148,2,0,0
BRDA:148,2,1,0
BRDA:163,3,0,0
BRDA:163,3,1,0
BRF:8
BRH:0
end_of_record
TN:
SF:/Users/davidescalzo/Desktop/kauri-serverless/app/components/SharedEditor/index.tsx
FN:21,(anonymous_0)
FN:28,(anonymous_1)
FN:37,(anonymous_2)
FN:73,(anonymous_3)
FN:81,(anonymous_4)
FN:83,(anonymous_5)
FN:89,(anonymous_6)
FN:108,(anonymous_7)
FN:119,(anonymous_8)
FN:123,(anonymous_9)
FN:143,(anonymous_10)
FNF:11
FNH:0
FNDA:0,(anonymous_0)
FNDA:0,(anonymous_1)
FNDA:0,(anonymous_2)
FNDA:0,(anonymous_3)
FNDA:0,(anonymous_4)
FNDA:0,(anonymous_5)
FNDA:0,(anonymous_6)
FNDA:0,(anonymous_7)
FNDA:0,(anonymous_8)
FNDA:0,(anonymous_9)
FNDA:0,(anonymous_10)
DA:16,0
DA:21,0
DA:24,0
DA:28,0
DA:31,0
DA:32,0
DA:33,0
DA:34,0
DA:35,0
DA:37,0
DA:38,0
DA:64,0
DA:65,0
DA:73,0
DA:75,0
DA:77,0
DA:82,0
DA:83,0
DA:90,0
DA:91,0
DA:98,0
DA:108,0
DA:110,0
DA:112,0
DA:113,0
DA:115,0
DA:116,0
DA:120,0
DA:124,0
DA:126,0
DA:144,0
LF:31
LH:0
BRDA:28,0,0,0
BRDA:28,0,1,0
BRDA:82,1,0,0
BRDA:82,1,1,0
BRDA:90,2,0,0
BRDA:90,2,1,0
BRDA:99,3,0,0
BRDA:99,3,1,0
BRDA:99,3,2,0
BRDA:103,4,0,0
BRDA:103,4,1,0
BRDA:112,5,0,0
BRDA:112,5,1,0
BRF:13
BRH:0
end_of_record
TN:
SF:/Users/davidescalzo/Desktop/kauri-serverless/app/components/SignupBanner/index.tsx
FN:12,(anonymous_0)
FN:21,(anonymous_1)
FN:23,(anonymous_2)
FN:36,(anonymous_3)
FN:36,(anonymous_4)
FN:37,(anonymous_5)
FN:38,(anonymous_6)
FN:39,(anonymous_7)
FN:40,(anonymous_8)
FN:44,(anonymous_9)
FNF:10
FNH:0
FNDA:0,(anonymous_0)
FNDA:0,(anonymous_1)
FNDA:0,(anonymous_2)
FNDA:0,(anonymous_3)
FNDA:0,(anonymous_4)
FNDA:0,(anonymous_5)
FNDA:0,(anonymous_6)
FNDA:0,(anonymous_7)
FNDA:0,(anonymous_8)
FNDA:0,(anonymous_9)
DA:7,0
DA:12,0
DA:16,0
DA:21,0
DA:23,0
DA:35,0
DA:36,0
DA:37,0
DA:38,0
DA:39,0
DA:40,0
DA:44,0
DA:45,0
LF:13
LH:0
BRF:0
BRH:0
end_of_record
TN:
SF:/Users/davidescalzo/Desktop/kauri-serverless/app/components/Tabs/index.tsx
FN:19,(anonymous_0)
FN:20,(anonymous_1)
FN:33,(anonymous_2)
FN:38,(anonymous_3)
FN:40,(anonymous_4)
FN:43,(anonymous_5)
FN:45,(anonymous_6)
FN:47,(anonymous_7)
FN:48,(anonymous_8)
FN:62,(anonymous_9)
FN:63,(anonymous_10)
FN:67,(anonymous_11)
FN:92,(anonymous_12)
FN:101,(anonymous_13)
FN:115,(anonymous_14)
FN:119,(anonymous_15)
FN:126,(anonymous_16)
FN:145,(anonymous_17)
FN:150,(anonymous_18)
FNF:19
FNH:0
FNDA:0,(anonymous_0)
FNDA:0,(anonymous_1)
FNDA:0,(anonymous_2)
FNDA:0,(anonymous_3)
FNDA:0,(anonymous_4)
FNDA:0,(anonymous_5)
FNDA:0,(anonymous_6)
FNDA:0,(anonymous_7)
FNDA:0,(anonymous_8)
FNDA:0,(anonymous_9)
FNDA:0,(anonymous_10)
FNDA:0,(anonymous_11)
FNDA:0,(anonymous_12)
FNDA:0,(anonymous_13)
FNDA:0,(anonymous_14)
FNDA:0,(anonymous_15)
FNDA:0,(anonymous_16)
FNDA:0,(anonymous_17)
FNDA:0,(anonymous_18)
DA:15,0
DA:19,0
DA:20,0
DA:30,0
DA:34,0
DA:39,0
DA:41,0
DA:43,0
DA:45,0
DA:47,0
DA:48,0
DA:58,0
DA:62,0
DA:63,0
DA:67,0
DA:93,0
DA:94,0
DA:98,0
DA:102,0
DA:103,0
DA:106,0
DA:111,0
DA:116,0
DA:120,0
DA:121,0
DA:122,0
DA:127,0
DA:134,0
DA:136,0
DA:146,0
DA:150,0
LF:31
LH:0
BRDA:34,0,0,0
BRDA:34,0,1,0
BRDA:39,1,0,0
BRDA:39,1,1,0
BRDA:39,2,0,0
BRDA:39,2,1,0
BRDA:41,3,0,0
BRDA:41,3,1,0
BRDA:43,4,0,0
BRDA:43,4,1,0
BRDA:45,5,0,0
BRDA:45,5,1,0
BRDA:62,6,0,0
BRDA:62,6,1,0
BRDA:63,7,0,0
BRDA:63,7,1,0
BRDA:102,8,0,0
BRDA:102,8,1,0
BRDA:106,9,0,0
BRDA:106,9,1,0
BRDA:107,10,0,0
BRDA:107,10,1,0
BRDA:107,10,2,0
BRDA:121,11,0,0
BRDA:121,11,1,0
BRDA:129,12,0,0
BRDA:130,13,0,0
BRDA:146,14,0,0
BRDA:146,14,1,0
BRF:29
BRH:0
end_of_record
TN:
SF:/Users/davidescalzo/Desktop/kauri-serverless/app/components/TagSelector/index.tsx
FN:28,(anonymous_0)
FN:37,(anonymous_1)
FN:46,(anonymous_2)
FN:56,(anonymous_3)
FN:63,(anonymous_4)
FN:73,(anonymous_5)
FN:79,(anonymous_6)
FN:82,(anonymous_7)
FN:86,(anonymous_8)
FN:90,(anonymous_9)
FN:94,(anonymous_10)
FN:128,(anonymous_11)
FNF:12
FNH:0
FNDA:0,(anonymous_0)
FNDA:0,(anonymous_1)
FNDA:0,(anonymous_2)
FNDA:0,(anonymous_3)
FNDA:0,(anonymous_4)
FNDA:0,(anonymous_5)
FNDA:0,(anonymous_6)
FNDA:0,(anonymous_7)
FNDA:0,(anonymous_8)
FNDA:0,(anonymous_9)
FNDA:0,(anonymous_10)
FNDA:0,(anonymous_11)
DA:11,0
DA:29,0
DA:30,0
DA:34,0
DA:39,0
DA:40,0
DA:43,0
DA:47,0
DA:60,0
DA:64,0
DA:65,0
DA:67,0
DA:69,0
DA:70,0
DA:74,0
DA:75,0
DA:80,0
DA:82,0
DA:87,0
DA:91,0
DA:95,0
DA:128,0
DA:129,0
LF:23
LH:0
BRDA:39,0,0,0
BRDA:39,0,1,0
BRDA:64,1,0,0
BRDA:64,1,1,0
BRDA:74,2,0,0
BRDA:74,2,1,0
BRDA:82,3,0,0
BRDA:82,3,1,0
BRDA:97,4,0,0
BRDA:97,4,1,0
BRF:10
BRH:0
end_of_record
TN:
SF:/Users/davidescalzo/Desktop/kauri-serverless/app/components/Tags/Close.tsx
FN:5,(anonymous_0)
FNF:1
FNH:0
FNDA:0,(anonymous_0)
DA:5,1
DA:6,0
LF:2
LH:1
BRF:0
BRH:0
end_of_record
TN:
SF:/Users/davidescalzo/Desktop/kauri-serverless/app/components/Tags/Plus.tsx
FN:1,(anonymous_0)
FNF:1
FNH:0
FNDA:0,(anonymous_0)
DA:1,1
DA:2,0
LF:2
LH:1
BRF:0
BRH:0
end_of_record
TN:
SF:/Users/davidescalzo/Desktop/kauri-serverless/app/components/Tags/Tag.tsx
FN:11,(anonymous_0)
FN:20,(anonymous_1)
FN:20,(anonymous_2)
FN:23,(anonymous_3)
FNF:4
FNH:0
FNDA:0,(anonymous_0)
FNDA:0,(anonymous_1)
FNDA:0,(anonymous_2)
FNDA:0,(anonymous_3)
DA:5,1
DA:11,0
DA:20,1
DA:21,0
DA:23,1
DA:24,0
LF:6
LH:3
BRF:0
BRH:0
end_of_record
TN:
SF:/Users/davidescalzo/Desktop/kauri-serverless/app/components/Tags/TagInput.tsx
FN:33,(anonymous_0)
FN:45,(anonymous_1)
FN:50,(anonymous_2)
FN:51,(anonymous_3)
FN:53,(anonymous_4)
FN:59,(anonymous_5)
FN:60,(anonymous_6)
FN:64,(anonymous_7)
FN:65,(anonymous_8)
FN:68,(anonymous_9)
FN:88,(anonymous_10)
FN:100,(anonymous_11)
FN:109,(anonymous_12)
FN:150,(anonymous_13)
FN:154,(anonymous_14)
FN:158,(anonymous_15)
FN:174,(anonymous_16)
FN:181,(anonymous_17)
FN:195,(anonymous_18)
FN:209,(anonymous_19)
FNF:20
FNH:0
FNDA:0,(anonymous_0)
FNDA:0,(anonymous_1)
FNDA:0,(anonymous_2)
FNDA:0,(anonymous_3)
FNDA:0,(anonymous_4)
FNDA:0,(anonymous_5)
FNDA:0,(anonymous_6)
FNDA:0,(anonymous_7)
FNDA:0,(anonymous_8)
FNDA:0,(anonymous_9)
FNDA:0,(anonymous_10)
FNDA:0,(anonymous_11)
FNDA:0,(anonymous_12)
FNDA:0,(anonymous_13)
FNDA:0,(anonymous_14)
FNDA:0,(anonymous_15)
FNDA:0,(anonymous_16)
FNDA:0,(anonymous_17)
FNDA:0,(anonymous_18)
FNDA:0,(anonymous_19)
DA:22,1
DA:29,1
DA:33,0
DA:38,1
DA:45,0
DA:50,0
DA:51,0
DA:53,0
DA:58,1
DA:59,0
DA:60,0
DA:64,0
DA:65,0
DA:68,0
DA:89,0
DA:90,0
DA:95,0
DA:96,0
DA:97,0
DA:101,0
DA:102,0
DA:103,0
DA:104,0
DA:106,0
DA:110,0
DA:111,0
DA:112,0
DA:119,0
DA:120,0
DA:121,0
DA:123,0
DA:128,0
DA:130,0
DA:131,0
DA:132,0
DA:136,0
DA:137,0
DA:139,0
DA:140,0
DA:141,0
DA:145,0
DA:146,0
DA:152,0
DA:156,0
DA:157,0
DA:158,0
DA:161,0
DA:162,0
DA:164,0
DA:168,0
DA:177,0
DA:178,0
DA:181,0
DA:196,0
DA:209,0
LF:55
LH:4
BRDA:101,0,0,0
BRDA:101,0,1,0
BRDA:111,1,0,0
BRDA:111,1,1,0
BRDA:113,2,0,0
BRDA:113,2,1,0
BRDA:113,3,0,0
BRDA:113,3,1,0
BRDA:113,3,2,0
BRDA:123,4,0,0
BRDA:123,4,1,0
BRDA:124,5,0,0
BRDA:124,5,1,0
BRDA:124,5,2,0
BRDA:130,6,0,0
BRDA:130,6,1,0
BRDA:132,7,0,0
BRDA:132,7,1,0
BRDA:136,8,0,0
BRDA:136,8,1,0
BRDA:139,9,0,0
BRDA:139,9,1,0
BRDA:141,10,0,0
BRDA:141,10,1,0
BRDA:145,11,0,0
BRDA:145,11,1,0
BRDA:152,12,0,0
BRDA:152,12,1,0
BRDA:156,13,0,0
BRDA:156,13,1,0
BRDA:161,14,0,0
BRDA:161,14,1,0
BRDA:177,15,0,0
BRDA:177,15,1,0
BRDA:192,16,0,0
BRDA:192,16,1,0
BRDA:194,17,0,0
BRDA:194,17,1,0
BRDA:198,18,0,0
BRDA:198,18,1,0
BRDA:208,19,0,0
BRDA:208,19,1,0
BRDA:208,19,2,0
BRDA:213,20,0,0
BRDA:213,20,1,0
BRDA:213,21,0,0
BRDA:213,21,1,0
BRF:47
BRH:0
end_of_record
TN:
SF:/Users/davidescalzo/Desktop/kauri-serverless/app/components/Tags/TagList.tsx
FN:14,(anonymous_0)
FN:17,(anonymous_1)
FN:61,(anonymous_2)
FN:63,(anonymous_3)
FN:101,(anonymous_4)
FN:107,(anonymous_5)
FN:125,(anonymous_6)
FN:129,(anonymous_7)
FN:145,(anonymous_8)
FNF:9
FNH:7
FNDA:1,(anonymous_0)
FNDA:1,(anonymous_1)
FNDA:2,(anonymous_2)
FNDA:2,(anonymous_3)
FNDA:1,(anonymous_4)
FNDA:2,(anonymous_5)
FNDA:2,(anonymous_6)
FNDA:0,(anonymous_7)
FNDA:0,(anonymous_8)
DA:11,1
DA:15,1
DA:18,1
DA:32,1
DA:44,1
DA:49,1
DA:62,2
DA:63,2
DA:66,1
DA:89,1
DA:101,1
DA:102,1
DA:103,1
DA:104,1
DA:105,0
DA:107,1
DA:108,2
DA:109,0
DA:111,2
DA:115,2
DA:116,2
DA:118,0
DA:119,0
DA:122,1
DA:126,2
DA:130,0
DA:146,0
LF:27
LH:21
BRDA:15,0,0,0
BRDA:15,0,1,1
BRDA:18,1,0,0
BRDA:18,1,1,1
BRDA:62,2,0,2
BRDA:62,2,1,0
BRDA:63,3,0,2
BRDA:63,3,1,0
BRDA:104,4,0,0
BRDA:104,4,1,1
BRDA:108,5,0,0
BRDA:108,5,1,2
BRDA:111,6,0,2
BRDA:111,6,1,0
BRDA:112,7,0,2
BRDA:112,7,1,0
BRDA:112,7,2,2
BRDA:112,7,3,2
BRDA:124,8,0,1
BRDA:124,8,1,1
BRDA:130,9,0,0
BRDA:130,9,1,0
BRDA:140,10,0,1
BRDA:140,10,1,0
BRF:24
BRH:13
end_of_record
TN:
SF:/Users/davidescalzo/Desktop/kauri-serverless/app/components/Tags/TagName.tsx
FN:12,(anonymous_0)
FN:16,(anonymous_1)
FN:21,(anonymous_2)
FN:23,(anonymous_3)
FNF:4
FNH:0
FNDA:0,(anonymous_0)
FNDA:0,(anonymous_1)
FNDA:0,(anonymous_2)
FNDA:0,(anonymous_3)
DA:11,1
DA:13,0
DA:17,0
DA:21,0
DA:23,0
LF:5
LH:1
BRDA:13,0,0,0
BRDA:13,0,1,0
BRDA:17,1,0,0
BRDA:17,1,1,0
BRF:4
BRH:0
end_of_record
TN:
SF:/Users/davidescalzo/Desktop/kauri-serverless/app/components/Tags/TagSelector.tsx
FN:16,(anonymous_0)
FN:19,(anonymous_1)
FN:36,(anonymous_2)
FN:49,(anonymous_3)
FN:53,(anonymous_4)
FN:56,(anonymous_5)
FN:61,(anonymous_6)
FN:63,(anonymous_7)
FN:64,(anonymous_8)
FN:69,(anonymous_9)
FN:75,(anonymous_10)
FN:79,(anonymous_11)
FN:83,(anonymous_12)
FN:88,(anonymous_13)
FNF:14
FNH:0
FNDA:0,(anonymous_0)
FNDA:0,(anonymous_1)
FNDA:0,(anonymous_2)
FNDA:0,(anonymous_3)
FNDA:0,(anonymous_4)
FNDA:0,(anonymous_5)
FNDA:0,(anonymous_6)
FNDA:0,(anonymous_7)
FNDA:0,(anonymous_8)
FNDA:0,(anonymous_9)
FNDA:0,(anonymous_10)
FNDA:0,(anonymous_11)
FNDA:0,(anonymous_12)
FNDA:0,(anonymous_13)
DA:7,1
DA:13,1
DA:16,0
DA:19,0
DA:37,0
DA:38,0
DA:42,0
DA:43,0
DA:44,0
DA:45,0
DA:46,0
DA:50,0
DA:54,0
DA:55,0
DA:56,0
DA:57,0
DA:62,0
DA:63,0
DA:64,0
DA:65,0
DA:70,0
DA:71,0
DA:72,0
DA:76,0
DA:80,0
DA:84,0
DA:89,0
LF:27
LH:2
BRDA:39,0,0,0
BRDA:39,0,1,0
BRDA:87,1,0,0
BRDA:87,1,1,0
BRDA:96,2,0,0
BRDA:96,2,1,0
BRF:6
BRH:0
end_of_record
TN:
SF:/Users/davidescalzo/Desktop/kauri-serverless/app/components/Tags/index.ts
FNF:0
FNH:0
DA:6,1
DA:7,1
DA:8,1
DA:9,1
LF:4
LH:4
BRF:0
BRH:0
end_of_record
TN:
SF:/Users/davidescalzo/Desktop/kauri-serverless/app/components/Tags/types.ts
FNF:0
FNH:0
LF:0
LH:0
BRF:0
BRH:0
end_of_record
TN:
SF:/Users/davidescalzo/Desktop/kauri-serverless/app/components/Tooltip/ShareArticle.tsx
FN:55,(anonymous_0)
FN:71,(anonymous_1)
FNF:2
FNH:1
FNDA:0,(anonymous_0)
FNDA:1,(anonymous_1)
DA:7,1
DA:9,1
DA:14,1
DA:33,1
DA:46,1
DA:55,1
DA:59,0
DA:71,1
DA:72,1
DA:73,1
LF:10
LH:9
BRF:0
BRH:0
end_of_record
TN:
SF:/Users/davidescalzo/Desktop/kauri-serverless/app/components/Tooltip/ShareButtons.tsx
FN:18,(anonymous_0)
FN:34,(anonymous_1)
FN:42,(anonymous_2)
FN:51,(anonymous_3)
FN:72,(anonymous_4)
FN:126,(anonymous_5)
FN:154,(anonymous_6)
FN:157,(anonymous_7)
FN:169,(anonymous_8)
FN:181,(anonymous_9)
FN:193,(anonymous_10)
FNF:11
FNH:0
FNDA:0,(anonymous_0)
FNDA:0,(anonymous_1)
FNDA:0,(anonymous_2)
FNDA:0,(anonymous_3)
FNDA:0,(anonymous_4)
FNDA:0,(anonymous_5)
FNDA:0,(anonymous_6)
FNDA:0,(anonymous_7)
FNDA:0,(anonymous_8)
FNDA:0,(anonymous_9)
FNDA:0,(anonymous_10)
DA:11,1
DA:16,1
DA:19,0
DA:28,1
DA:34,1
DA:42,0
DA:43,0
DA:48,0
DA:51,1
DA:62,0
DA:67,1
DA:72,1
DA:73,0
DA:126,1
DA:127,0
DA:154,1
DA:155,0
DA:158,0
DA:170,0
DA:182,0
DA:194,0
LF:21
LH:9
BRDA:19,0,0,0
BRDA:19,0,1,0
BRF:2
BRH:0
end_of_record
TN:
SF:/Users/davidescalzo/Desktop/kauri-serverless/app/components/Tooltip/Tooltip.tsx
FN:52,(anonymous_0)
FNF:1
FNH:0
FNDA:0,(anonymous_0)
DA:4,0
DA:25,0
DA:35,0
DA:52,0
DA:53,0
LF:5
LH:0
BRF:0
BRH:0
end_of_record
TN:
SF:/Users/davidescalzo/Desktop/kauri-serverless/app/components/TopContributors/index.tsx
FN:12,(anonymous_0)
FN:21,(anonymous_1)
FN:28,(anonymous_2)
FNF:3
FNH:0
FNDA:0,(anonymous_0)
FNDA:0,(anonymous_1)
FNDA:0,(anonymous_2)
DA:8,0
DA:12,0
DA:21,0
DA:25,0
DA:29,0
LF:5
LH:0
BRF:0
BRH:0
end_of_record
TN:
SF:/Users/davidescalzo/Desktop/kauri-serverless/app/components/TopTags/index.tsx
FN:10,(anonymous_0)
FNF:1
FNH:0
FNDA:0,(anonymous_0)
DA:10,0
DA:14,0
LF:2
LH:0
BRF:0
BRH:0
end_of_record
TN:
SF:/Users/davidescalzo/Desktop/kauri-serverless/app/components/Typography/CuratorHeaderLabel.tsx
FN:16,(anonymous_0)
FNF:1
FNH:0
FNDA:0,(anonymous_0)
DA:4,0
DA:17,0
LF:2
LH:0
BRF:0
BRH:0
end_of_record
TN:
SF:/Users/davidescalzo/Desktop/kauri-serverless/app/components/Typography/index.tsx
FN:7,(anonymous_0)
FN:9,(anonymous_1)
FN:91,(anonymous_2)
FN:94,(anonymous_3)
FN:96,(anonymous_4)
FN:97,(anonymous_5)
FN:117,(anonymous_6)
FN:145,(anonymous_7)
FN:165,(anonymous_8)
FN:179,(anonymous_9)
FN:185,(anonymous_10)
FN:189,(anonymous_11)
FN:191,(anonymous_12)
FN:199,(anonymous_13)
FNF:14
FNH:13
FNDA:4,(anonymous_0)
FNDA:4,(anonymous_1)
FNDA:5,(anonymous_2)
FNDA:5,(anonymous_3)
FNDA:5,(anonymous_4)
FNDA:5,(anonymous_5)
FNDA:0,(anonymous_6)
FNDA:4,(anonymous_7)
FNDA:128,(anonymous_8)
FNDA:15,(anonymous_9)
FNDA:15,(anonymous_10)
FNDA:15,(anonymous_11)
FNDA:15,(anonymous_12)
FNDA:15,(anonymous_13)
DA:3,8
DA:7,4
DA:10,4
DA:25,8
DA:92,5
DA:95,5
DA:96,5
DA:98,5
DA:117,0
DA:146,4
DA:162,8
DA:164,8
DA:177,128
DA:180,15
DA:186,15
DA:189,15
DA:192,15
DA:200,15
DA:207,128
DA:208,80
DA:212,48
DA:213,48
DA:239,8
LF:23
LH:22
BRDA:10,0,0,4
BRDA:10,0,1,3
BRDA:92,1,0,5
BRDA:92,1,1,2
BRDA:95,2,0,5
BRDA:95,2,1,0
BRDA:96,3,0,5
BRDA:96,3,1,0
BRDA:98,4,0,5
BRDA:98,4,1,0
BRDA:146,5,0,4
BRDA:146,5,1,2
BRDA:172,6,0,120
BRDA:177,7,0,88
BRDA:177,7,1,40
BRDA:180,8,0,15
BRDA:180,8,1,12
BRDA:183,9,0,88
BRDA:183,9,1,8
BRDA:186,10,0,1
BRDA:186,10,1,14
BRDA:192,11,0,0
BRDA:192,11,1,15
BRDA:195,12,0,1
BRDA:195,12,1,14
BRDA:200,13,0,15
BRDA:200,13,1,15
BRDA:200,13,2,1
BRDA:207,14,0,80
BRDA:207,14,1,48
BRDA:207,15,0,128
BRDA:207,15,1,80
BRDA:212,16,0,48
BRDA:212,16,1,0
BRF:34
BRH:29
end_of_record
TN:
SF:/Users/davidescalzo/Desktop/kauri-serverless/app/components/UserAvatar/index.tsx
FN:19,(anonymous_0)
FN:22,(anonymous_1)
FN:28,(anonymous_2)
FN:29,(anonymous_3)
FN:55,(anonymous_4)
FN:56,(anonymous_5)
FN:59,(anonymous_6)
FN:61,(anonymous_7)
FN:68,(anonymous_8)
FN:93,(anonymous_9)
FNF:10
FNH:10
FNDA:1,(anonymous_0)
FNDA:1,(anonymous_1)
FNDA:1,(anonymous_2)
FNDA:1,(anonymous_3)
FNDA:1,(anonymous_4)
FNDA:1,(anonymous_5)
FNDA:1,(anonymous_6)
FNDA:1,(anonymous_7)
FNDA:1,(anonymous_8)
FNDA:1,(anonymous_9)
DA:16,3
DA:20,1
DA:22,1
DA:28,1
DA:30,1
DA:31,0
DA:33,1
DA:34,0
DA:36,1
DA:37,1
DA:39,0
DA:53,3
DA:55,1
DA:56,1
DA:60,1
DA:62,1
DA:69,1
DA:93,3
DA:94,1
LF:19
LH:16
BRDA:20,0,0,0
BRDA:20,0,1,1
BRDA:20,1,0,0
BRDA:20,1,1,1
BRDA:28,2,0,1
BRDA:28,2,1,1
BRDA:30,3,0,0
BRDA:30,3,1,1
BRDA:30,4,0,1
BRDA:30,4,1,0
BRDA:33,5,0,0
BRDA:33,5,1,1
BRDA:36,6,0,1
BRDA:36,6,1,0
BRDA:55,7,0,1
BRDA:55,7,1,0
BRDA:56,8,0,1
BRDA:56,8,1,0
BRDA:60,9,0,0
BRDA:60,9,1,1
BRDA:62,10,0,1
BRDA:62,10,1,0
BRDA:64,11,0,0
BRDA:64,11,1,0
BRDA:69,12,0,0
BRDA:69,12,1,1
BRDA:99,13,0,0
BRDA:99,13,1,1
BRDA:105,14,0,0
BRDA:105,14,1,1
BRDA:107,15,0,0
BRDA:107,15,1,1
BRDA:108,16,0,0
BRDA:108,16,1,1
BRDA:110,17,0,1
BRDA:110,17,1,0
BRDA:110,18,0,1
BRDA:110,18,1,1
BRDA:113,19,0,0
BRDA:113,19,1,1
BRDA:116,20,0,0
BRDA:116,20,1,1
BRDA:117,21,0,0
BRDA:117,21,1,1
BRDA:122,22,0,0
BRDA:122,22,1,0
BRDA:124,23,0,0
BRDA:124,23,1,0
BRDA:129,24,0,0
BRDA:129,24,1,0
BRDA:131,25,0,0
BRDA:131,25,1,0
BRDA:137,26,0,1
BRDA:137,26,1,1
BRDA:139,27,0,1
BRDA:139,27,1,1
BRDA:139,27,2,1
BRDA:139,27,3,0
BRDA:139,27,4,1
BRF:59
BRH:29
end_of_record
TN:
SF:/Users/davidescalzo/Desktop/kauri-serverless/app/containers/AddToCollection/AddToCollectionModalContent.tsx
FN:31,(anonymous_0)
FN:40,(anonymous_1)
FN:69,(anonymous_2)
FN:90,(anonymous_3)
FNF:4
FNH:0
FNDA:0,(anonymous_0)
FNDA:0,(anonymous_1)
FNDA:0,(anonymous_2)
FNDA:0,(anonymous_3)
DA:8,0
DA:31,0
DA:39,0
DA:41,0
DA:46,0
DA:47,0
DA:54,0
DA:70,0
DA:91,0
LF:9
LH:0
BRDA:41,0,0,0
BRDA:41,0,1,0
BRDA:46,1,0,0
BRDA:46,1,1,0
BRDA:56,2,0,0
BRDA:56,2,1,0
BRDA:56,2,2,0
BRDA:60,3,0,0
BRDA:60,3,1,0
BRDA:78,4,0,0
BRDA:78,4,1,0
BRDA:78,4,2,0
BRDA:81,5,0,0
BRDA:81,5,1,0
BRDA:82,6,0,0
BRDA:82,6,1,0
BRF:16
BRH:0
end_of_record
TN:
SF:/Users/davidescalzo/Desktop/kauri-serverless/app/containers/AddToCollection/CollectionsContent.tsx
FN:56,(anonymous_0)
FN:60,(anonymous_1)
FN:64,(anonymous_2)
FN:73,(anonymous_3)
FN:82,(anonymous_4)
FNF:5
FNH:0
FNDA:0,(anonymous_0)
FNDA:0,(anonymous_1)
FNDA:0,(anonymous_2)
FNDA:0,(anonymous_3)
FNDA:0,(anonymous_4)
DA:6,0
DA:24,0
DA:34,0
DA:56,0
DA:57,0
DA:61,0
DA:64,0
DA:73,0
DA:83,0
LF:9
LH:0
BRDA:59,0,0,0
BRDA:59,0,1,0
BRDA:61,1,0,0
BRDA:61,1,1,0
BRF:4
BRH:0
end_of_record
TN:
SF:/Users/davidescalzo/Desktop/kauri-serverless/app/containers/AddToCollection/Module.tsx
FN:41,(anonymous_0)
FN:60,(anonymous_1)
FN:67,(anonymous_2)
FN:75,(anonymous_3)
FN:78,(anonymous_4)
FN:90,(anonymous_5)
FN:93,(anonymous_6)
FN:97,(anonymous_7)
FN:104,(anonymous_8)
FN:114,(anonymous_9)
FN:138,(anonymous_10)
FN:147,(anonymous_11)
FN:166,(anonymous_12)
FN:167,(anonymous_13)
FN:179,(anonymous_14)
FNF:15
FNH:0
FNDA:0,(anonymous_0)
FNDA:0,(anonymous_1)
FNDA:0,(anonymous_2)
FNDA:0,(anonymous_3)
FNDA:0,(anonymous_4)
FNDA:0,(anonymous_5)
FNDA:0,(anonymous_6)
FNDA:0,(anonymous_7)
FNDA:0,(anonymous_8)
FNDA:0,(anonymous_9)
FNDA:0,(anonymous_10)
FNDA:0,(anonymous_11)
FNDA:0,(anonymous_12)
FNDA:0,(anonymous_13)
FNDA:0,(anonymous_14)
DA:39,0
DA:41,0
DA:44,0
DA:50,0
DA:60,0
DA:65,0
DA:68,0
DA:76,0
DA:79,0
DA:90,0
DA:94,0
DA:98,0
DA:105,0
DA:115,0
DA:139,0
DA:148,0
DA:151,0
DA:166,0
DA:168,0
DA:169,0
DA:180,0
DA:181,0
LF:22
LH:0
BRDA:90,0,0,0
BRDA:90,0,1,0
BRDA:94,1,0,0
BRDA:94,1,1,0
BRDA:134,2,0,0
BRDA:134,2,1,0
BRF:6
BRH:0
end_of_record
TN:
SF:/Users/davidescalzo/Desktop/kauri-serverless/app/containers/AddToCollection/SectionsContent.tsx
FN:58,(anonymous_0)
FN:62,(anonymous_1)
FN:65,(anonymous_2)
FN:73,(anonymous_3)
FNF:4
FNH:0
FNDA:0,(anonymous_0)
FNDA:0,(anonymous_1)
FNDA:0,(anonymous_2)
FNDA:0,(anonymous_3)
DA:5,0
DA:23,0
DA:33,0
DA:58,0
DA:59,0
DA:63,0
DA:65,0
DA:73,0
LF:8
LH:0
BRDA:61,0,0,0
BRDA:61,0,1,0
BRDA:63,1,0,0
BRDA:63,1,1,0
BRDA:66,2,0,0
BRDA:66,2,1,0
BRDA:75,3,0,0
BRDA:75,3,1,0
BRF:8
BRH:0
end_of_record
TN:
SF:/Users/davidescalzo/Desktop/kauri-serverless/app/containers/AddToCollection/View.tsx
FN:35,(anonymous_0)
FN:53,(anonymous_1)
FN:78,(anonymous_2)
FN:82,(anonymous_3)
FN:84,(anonymous_4)
FN:109,(anonymous_5)
FN:124,(anonymous_6)
FN:157,(anonymous_7)
FN:170,(anonymous_8)
FN:176,(anonymous_9)
FN:187,(anonymous_10)
FNF:11
FNH:0
FNDA:0,(anonymous_0)
FNDA:0,(anonymous_1)
FNDA:0,(anonymous_2)
FNDA:0,(anonymous_3)
FNDA:0,(anonymous_4)
FNDA:0,(anonymous_5)
FNDA:0,(anonymous_6)
FNDA:0,(anonymous_7)
FNDA:0,(anonymous_8)
FNDA:0,(anonymous_9)
FNDA:0,(anonymous_10)
DA:35,0
DA:43,0
DA:48,0
DA:54,0
DA:55,0
DA:57,0
DA:58,0
DA:65,0
DA:70,0
DA:76,0
DA:80,0
DA:83,0
DA:85,0
DA:89,0
DA:91,0
DA:97,0
DA:100,0
DA:110,0
DA:111,0
DA:112,0
DA:117,0
DA:122,0
DA:123,0
DA:125,0
DA:129,0
DA:138,0
DA:158,0
DA:159,0
DA:171,0
DA:177,0
DA:188,0
DA:189,0
LF:32
LH:0
BRDA:54,0,0,0
BRDA:54,0,1,0
BRDA:57,1,0,0
BRDA:57,1,1,0
BRDA:65,2,0,0
BRDA:65,2,1,0
BRDA:66,3,0,0
BRDA:66,3,1,0
BRDA:66,3,2,0
BRDA:76,4,0,0
BRDA:76,4,1,0
BRDA:76,4,2,0
BRDA:76,4,3,0
BRDA:80,5,0,0
BRDA:80,5,1,0
BRDA:97,6,0,0
BRDA:97,6,1,0
BRDA:100,7,0,0
BRDA:100,7,1,0
BRDA:100,8,0,0
BRDA:100,8,1,0
BRDA:105,9,0,0
BRDA:105,9,1,0
BRDA:110,10,0,0
BRDA:110,10,1,0
BRDA:117,11,0,0
BRDA:117,11,1,0
BRDA:118,12,0,0
BRDA:118,12,1,0
BRDA:129,13,0,0
BRDA:129,13,1,0
BRDA:130,14,0,0
BRDA:130,14,1,0
BRDA:147,15,0,0
BRDA:147,15,1,0
BRF:35
BRH:0
end_of_record
TN:
SF:/Users/davidescalzo/Desktop/kauri-serverless/app/containers/AddToCollection/index.ts
FN:8,(anonymous_0)
FNF:1
FNH:0
FNDA:0,(anonymous_0)
DA:8,0
LF:1
LH:0
BRDA:9,0,0,0
BRDA:9,0,1,0
BRDA:9,0,2,0
BRF:3
BRH:0
end_of_record
TN:
SF:/Users/davidescalzo/Desktop/kauri-serverless/app/containers/Article/Module.ts
FN:18,(anonymous_0)
FN:23,(anonymous_1)
FN:30,(anonymous_2)
FN:37,(anonymous_3)
FN:40,(anonymous_4)
FN:47,(anonymous_5)
FN:48,(anonymous_6)
FN:63,(anonymous_7)
FNF:8
FNH:0
FNDA:0,(anonymous_0)
FNDA:0,(anonymous_1)
FNDA:0,(anonymous_2)
FNDA:0,(anonymous_3)
FNDA:0,(anonymous_4)
FNDA:0,(anonymous_5)
FNDA:0,(anonymous_6)
FNDA:0,(anonymous_7)
DA:16,0
DA:18,0
DA:23,0
DA:28,0
DA:31,0
DA:38,0
DA:41,0
DA:47,0
DA:49,0
DA:64,0
DA:65,0
LF:11
LH:0
BRDA:43,0,0,0
BRDA:43,0,1,0
BRDA:52,1,0,0
BRDA:52,1,1,0
BRDA:52,2,0,0
BRDA:52,2,1,0
BRDA:52,2,2,0
BRF:7
BRH:0
end_of_record
TN:
SF:/Users/davidescalzo/Desktop/kauri-serverless/app/containers/Article/View.tsx
FN:39,(anonymous_0)
FN:81,(anonymous_1)
FN:146,(anonymous_2)
FNF:3
FNH:0
FNDA:0,(anonymous_0)
FNDA:0,(anonymous_1)
FNDA:0,(anonymous_2)
DA:21,0
DA:39,0
DA:60,0
DA:61,0
DA:82,0
DA:147,0
LF:6
LH:0
BRDA:126,0,0,0
BRDA:126,0,1,0
BRDA:143,1,0,0
BRDA:143,1,1,0
BRDA:143,1,2,0
BRDA:147,2,0,0
BRDA:147,2,1,0
BRDA:147,3,0,0
BRDA:147,3,1,0
BRDA:147,3,2,0
BRF:10
BRH:0
end_of_record
TN:
SF:/Users/davidescalzo/Desktop/kauri-serverless/app/containers/Article/index.tsx
FN:16,(anonymous_0)
FN:34,(anonymous_1)
FN:42,(anonymous_2)
FNF:3
FNH:0
FNDA:0,(anonymous_0)
FNDA:0,(anonymous_1)
FNDA:0,(anonymous_2)
DA:16,0
DA:34,0
DA:42,0
LF:3
LH:0
BRDA:17,0,0,0
BRDA:17,0,1,0
BRDA:18,1,0,0
BRDA:18,1,1,0
BRDA:18,1,2,0
BRDA:19,2,0,0
BRDA:19,2,1,0
BRDA:19,2,2,0
BRF:8
BRH:0
end_of_record
TN:
SF:/Users/davidescalzo/Desktop/kauri-serverless/app/containers/Article/styles.ts
FN:3,(anonymous_0)
FNF:1
FNH:0
FNDA:0,(anonymous_0)
DA:3,0
DA:4,0
LF:2
LH:0
BRF:0
BRH:0
end_of_record
TN:
SF:/Users/davidescalzo/Desktop/kauri-serverless/app/containers/Article/components/ArticleActions.tsx
FN:13,(anonymous_0)
FN:40,(anonymous_1)
FN:51,(anonymous_2)
FN:55,(anonymous_3)
FN:67,(anonymous_4)
FNF:5
FNH:0
FNDA:0,(anonymous_0)
FNDA:0,(anonymous_1)
FNDA:0,(anonymous_2)
FNDA:0,(anonymous_3)
FNDA:0,(anonymous_4)
DA:13,0
DA:49,0
DA:50,0
DA:51,0
DA:52,0
DA:55,0
DA:56,0
DA:59,0
DA:61,0
DA:68,0
LF:10
LH:0
BRDA:68,0,0,0
BRDA:68,0,1,0
BRF:2
BRH:0
end_of_record
TN:
SF:/Users/davidescalzo/Desktop/kauri-serverless/app/containers/Article/components/ArticleAvatar.tsx
FN:13,(anonymous_0)
FNF:1
FNH:0
FNDA:0,(anonymous_0)
DA:13,0
DA:18,0
LF:2
LH:0
BRDA:21,0,0,0
BRDA:21,0,1,0
BRDA:24,1,0,0
BRDA:24,1,1,0
BRDA:26,2,0,0
BRDA:26,2,1,0
BRDA:28,3,0,0
BRDA:28,3,1,0
BRDA:35,4,0,0
BRDA:35,4,1,0
BRDA:35,4,2,0
BRDA:40,5,0,0
BRDA:40,5,1,0
BRDA:40,6,0,0
BRDA:40,6,1,0
BRDA:40,7,0,0
BRDA:40,7,1,0
BRF:17
BRH:0
end_of_record
TN:
SF:/Users/davidescalzo/Desktop/kauri-serverless/app/containers/Article/components/ArticleOutline.tsx
FN:7,(anonymous_0)
FN:31,(anonymous_1)
FN:34,(anonymous_2)
FN:42,(anonymous_3)
FN:44,(anonymous_4)
FN:49,(anonymous_5)
FN:51,(anonymous_6)
FN:59,(anonymous_7)
FN:64,(anonymous_8)
FNF:9
FNH:0
FNDA:0,(anonymous_0)
FNDA:0,(anonymous_1)
FNDA:0,(anonymous_2)
FNDA:0,(anonymous_3)
FNDA:0,(anonymous_4)
FNDA:0,(anonymous_5)
FNDA:0,(anonymous_6)
FNDA:0,(anonymous_7)
FNDA:0,(anonymous_8)
DA:7,0
DA:31,0
DA:32,0
DA:33,0
DA:34,0
DA:40,0
DA:42,0
DA:43,0
DA:44,0
DA:47,0
DA:49,0
DA:50,0
DA:51,0
DA:53,0
DA:56,0
DA:60,0
DA:65,0
LF:17
LH:0
BRDA:68,0,0,0
BRDA:68,0,1,0
BRF:2
BRH:0
end_of_record
TN:
SF:/Users/davidescalzo/Desktop/kauri-serverless/app/containers/Article/components/VoteWidget.tsx
FN:5,(anonymous_0)
FN:43,(anonymous_1)
FN:59,(anonymous_2)
FN:86,(anonymous_3)
FNF:4
FNH:0
FNDA:0,(anonymous_0)
FNDA:0,(anonymous_1)
FNDA:0,(anonymous_2)
FNDA:0,(anonymous_3)
DA:5,0
DA:43,0
DA:50,0
DA:51,0
DA:60,0
DA:87,0
LF:6
LH:0
BRDA:55,0,0,0
BRDA:55,0,1,0
BRDA:60,1,0,0
BRDA:60,1,1,0
BRDA:61,2,0,0
BRDA:61,2,1,0
BRDA:72,3,0,0
BRDA:72,3,1,0
BRDA:77,4,0,0
BRDA:77,4,1,0
BRDA:82,5,0,0
BRDA:82,5,1,0
BRDA:87,6,0,0
BRDA:87,6,1,0
BRDA:88,7,0,0
BRDA:88,7,1,0
BRDA:99,8,0,0
BRDA:99,8,1,0
BRDA:103,9,0,0
BRDA:103,9,1,0
BRF:20
BRH:0
end_of_record
TN:
SF:/Users/davidescalzo/Desktop/kauri-serverless/app/containers/ArticleApproved/View.tsx
FN:28,(anonymous_0)
FN:30,(anonymous_1)
FN:57,(anonymous_2)
FN:83,(anonymous_3)
FN:112,(anonymous_4)
FNF:5
FNH:0
FNDA:0,(anonymous_0)
FNDA:0,(anonymous_1)
FNDA:0,(anonymous_2)
FNDA:0,(anonymous_3)
FNDA:0,(anonymous_4)
DA:22,0
DA:28,0
DA:30,0
DA:34,0
DA:42,0
DA:58,0
DA:59,0
DA:83,0
DA:84,0
DA:87,0
DA:88,0
DA:90,0
DA:113,0
LF:13
LH:0
BRDA:84,0,0,0
BRDA:84,0,1,0
BRDA:87,1,0,0
BRDA:87,1,1,0
BRDA:114,2,0,0
BRDA:114,2,1,0
BRF:6
BRH:0
end_of_record
TN:
SF:/Users/davidescalzo/Desktop/kauri-serverless/app/containers/ArticleApproved/index.ts
FN:17,(anonymous_0)
FN:31,(anonymous_1)
FNF:2
FNH:0
FNDA:0,(anonymous_0)
FNDA:0,(anonymous_1)
DA:17,0
DA:18,0
DA:37,0
LF:3
LH:0
BRDA:19,0,0,0
BRDA:19,0,1,0
BRDA:20,1,0,0
BRDA:20,1,1,0
BRDA:20,1,2,0
BRDA:21,2,0,0
BRDA:21,2,1,0
BRF:7
BRH:0
end_of_record
TN:
SF:/Users/davidescalzo/Desktop/kauri-serverless/app/containers/ArticleDraft/DeleteDraftArticleModule.ts
FN:48,(anonymous_0)
FN:57,(anonymous_1)
FN:65,(anonymous_2)
FN:72,(anonymous_3)
FN:75,(anonymous_4)
FN:82,(anonymous_5)
FNF:6
FNH:0
FNDA:0,(anonymous_0)
FNDA:0,(anonymous_1)
FNDA:0,(anonymous_2)
FNDA:0,(anonymous_3)
FNDA:0,(anonymous_4)
FNDA:0,(anonymous_5)
DA:46,0
DA:48,0
DA:51,0
DA:57,0
DA:62,0
DA:66,0
DA:73,0
DA:76,0
DA:79,0
DA:80,0
DA:83,0
LF:11
LH:0
BRDA:80,0,0,0
BRDA:80,0,1,0
BRF:2
BRH:0
end_of_record
TN:
SF:/Users/davidescalzo/Desktop/kauri-serverless/app/containers/ArticleDraft/DraftArticleContent.tsx
FN:15,(anonymous_0)
FN:21,(anonymous_1)
FN:24,(anonymous_2)
FN:36,(anonymous_3)
FN:37,(anonymous_4)
FN:45,(anonymous_5)
FN:88,(anonymous_6)
FN:96,(anonymous_7)
FN:97,(anonymous_8)
FN:112,(anonymous_9)
FN:116,(anonymous_10)
FN:117,(anonymous_11)
FNF:12
FNH:0
FNDA:0,(anonymous_0)
FNDA:0,(anonymous_1)
FNDA:0,(anonymous_2)
FNDA:0,(anonymous_3)
FNDA:0,(anonymous_4)
FNDA:0,(anonymous_5)
FNDA:0,(anonymous_6)
FNDA:0,(anonymous_7)
FNDA:0,(anonymous_8)
FNDA:0,(anonymous_9)
FNDA:0,(anonymous_10)
FNDA:0,(anonymous_11)
DA:9,0
DA:15,0
DA:21,0
DA:24,0
DA:28,0
DA:36,0
DA:37,0
DA:43,0
DA:45,0
DA:46,0
DA:96,0
DA:97,0
DA:98,0
DA:102,0
DA:113,0
DA:116,0
DA:118,0
DA:119,0
LF:18
LH:0
BRF:0
BRH:0
end_of_record
TN:
SF:/Users/davidescalzo/Desktop/kauri-serverless/app/containers/ArticleDraft/DraftArticleHeader.tsx
FN:20,(anonymous_0)
FN:21,(anonymous_1)
FN:24,(anonymous_2)
FN:28,(anonymous_3)
FN:34,(anonymous_4)
FN:37,(anonymous_5)
FN:49,(anonymous_6)
FN:53,(anonymous_7)
FN:61,(anonymous_8)
FN:63,(anonymous_9)
FN:89,(anonymous_10)
FN:107,(anonymous_11)
FN:125,(anonymous_12)
FN:132,(anonymous_13)
FN:136,(anonymous_14)
FN:170,(anonymous_15)
FN:182,(anonymous_16)
FNF:17
FNH:0
FNDA:0,(anonymous_0)
FNDA:0,(anonymous_1)
FNDA:0,(anonymous_2)
FNDA:0,(anonymous_3)
FNDA:0,(anonymous_4)
FNDA:0,(anonymous_5)
FNDA:0,(anonymous_6)
FNDA:0,(anonymous_7)
FNDA:0,(anonymous_8)
FNDA:0,(anonymous_9)
FNDA:0,(anonymous_10)
FNDA:0,(anonymous_11)
FNDA:0,(anonymous_12)
FNDA:0,(anonymous_13)
FNDA:0,(anonymous_14)
FNDA:0,(anonymous_15)
FNDA:0,(anonymous_16)
DA:12,0
DA:20,0
DA:21,0
DA:24,0
DA:28,0
DA:34,0
DA:37,0
DA:41,0
DA:49,0
DA:53,0
DA:58,0
DA:61,0
DA:63,0
DA:107,0
DA:108,0
DA:122,0
DA:125,0
DA:126,0
DA:132,0
DA:136,0
DA:142,0
DA:171,0
DA:183,0
LF:23
LH:0
BRDA:114,0,0,0
BRDA:114,0,1,0
BRDA:144,1,0,0
BRDA:144,1,1,0
BRDA:144,1,2,0
BRDA:149,2,0,0
BRDA:149,2,1,0
BRDA:155,3,0,0
BRDA:155,3,1,0
BRDA:160,4,0,0
BRDA:160,4,1,0
BRDA:171,5,0,0
BRDA:171,5,1,0
BRDA:183,6,0,0
BRDA:183,6,1,0
BRDA:183,7,0,0
BRDA:183,7,1,0
BRF:17
BRH:0
end_of_record
TN:
SF:/Users/davidescalzo/Desktop/kauri-serverless/app/containers/ArticleDraft/View.tsx
FN:23,(anonymous_0)
FNF:1
FNH:0
FNDA:0,(anonymous_0)
DA:33,0
LF:1
LH:0
BRF:0
BRH:0
end_of_record
TN:
SF:/Users/davidescalzo/Desktop/kauri-serverless/app/containers/ArticleDraft/index.tsx
FN:16,(anonymous_0)
FN:39,(anonymous_1)
FNF:2
FNH:0
FNDA:0,(anonymous_0)
FNDA:0,(anonymous_1)
DA:16,0
DA:17,0
DA:40,0
DA:41,0
LF:4
LH:0
BRDA:18,0,0,0
BRDA:18,0,1,0
BRDA:19,1,0,0
BRDA:19,1,1,0
BRDA:21,2,0,0
BRDA:21,2,1,0
BRDA:21,2,2,0
BRDA:22,3,0,0
BRDA:22,3,1,0
BRDA:22,3,2,0
BRDA:45,4,0,0
BRDA:45,4,1,0
BRDA:45,5,0,0
BRDA:45,5,1,0
BRDA:45,5,2,0
BRF:15
BRH:0
end_of_record
TN:
SF:/Users/davidescalzo/Desktop/kauri-serverless/app/containers/ArticleDraft/__generated__/deleteDraftArticle.ts
FNF:0
FNH:0
LF:0
LH:0
BRF:0
BRH:0
end_of_record
TN:
SF:/Users/davidescalzo/Desktop/kauri-serverless/app/containers/ArticleDraft/__generated__/getArticleTitle.ts
FNF:0
FNH:0
LF:0
LH:0
BRF:0
BRH:0
end_of_record
TN:
SF:/Users/davidescalzo/Desktop/kauri-serverless/app/containers/ArticleProposed/View.tsx
FN:14,(anonymous_0)
FN:21,(anonymous_1)
FN:23,(anonymous_2)
FN:27,(anonymous_3)
FN:46,(anonymous_4)
FNF:5
FNH:0
FNDA:0,(anonymous_0)
FNDA:0,(anonymous_1)
FNDA:0,(anonymous_2)
FNDA:0,(anonymous_3)
FNDA:0,(anonymous_4)
DA:8,0
DA:14,0
DA:20,0
DA:21,0
DA:23,0
DA:27,0
DA:32,0
DA:47,0
LF:8
LH:0
BRF:0
BRH:0
end_of_record
TN:
SF:/Users/davidescalzo/Desktop/kauri-serverless/app/containers/ArticleProposed/index.ts
FN:8,(anonymous_0)
FN:20,(anonymous_1)
FNF:2
FNH:0
FNDA:0,(anonymous_0)
FNDA:0,(anonymous_1)
DA:8,0
DA:9,0
DA:20,0
LF:3
LH:0
BRDA:10,0,0,0
BRDA:10,0,1,0
BRDA:10,0,2,0
BRF:3
BRH:0
end_of_record
TN:
SF:/Users/davidescalzo/Desktop/kauri-serverless/app/containers/ArticleRejected/View.tsx
FN:20,(anonymous_0)
FN:33,(anonymous_1)
FN:43,(anonymous_2)
FNF:3
FNH:0
FNDA:0,(anonymous_0)
FNDA:0,(anonymous_1)
FNDA:0,(anonymous_2)
DA:7,0
DA:14,0
DA:20,0
DA:33,0
DA:34,0
DA:35,0
DA:43,0
LF:7
LH:0
BRDA:39,0,0,0
BRDA:39,0,1,0
BRDA:39,0,2,0
BRDA:39,0,3,0
BRF:4
BRH:0
end_of_record
TN:
SF:/Users/davidescalzo/Desktop/kauri-serverless/app/containers/ArticleRejected/index.ts
FN:9,(anonymous_0)
FN:21,(anonymous_1)
FNF:2
FNH:0
FNDA:0,(anonymous_0)
FNDA:0,(anonymous_1)
DA:9,0
DA:10,0
DA:21,0
LF:3
LH:0
BRDA:11,0,0,0
BRDA:11,0,1,0
BRDA:11,0,2,0
BRF:3
BRH:0
end_of_record
TN:
SF:/Users/davidescalzo/Desktop/kauri-serverless/app/containers/ArticleReview/Header.tsx
FN:12,(anonymous_0)
FN:16,(anonymous_1)
FN:21,(anonymous_2)
FN:25,(anonymous_3)
FN:25,(anonymous_4)
FN:47,(anonymous_5)
FN:59,(anonymous_6)
FN:78,(anonymous_7)
FN:80,(anonymous_8)
FN:139,(anonymous_9)
FN:142,(anonymous_10)
FN:143,(anonymous_11)
FN:163,(anonymous_12)
FN:168,(anonymous_13)
FN:180,(anonymous_14)
FN:202,(anonymous_15)
FN:207,(anonymous_16)
FN:211,(anonymous_17)
FN:214,(anonymous_18)
FN:231,(anonymous_19)
FNF:20
FNH:0
FNDA:0,(anonymous_0)
FNDA:0,(anonymous_1)
FNDA:0,(anonymous_2)
FNDA:0,(anonymous_3)
FNDA:0,(anonymous_4)
FNDA:0,(anonymous_5)
FNDA:0,(anonymous_6)
FNDA:0,(anonymous_7)
FNDA:0,(anonymous_8)
FNDA:0,(anonymous_9)
FNDA:0,(anonymous_10)
FNDA:0,(anonymous_11)
FNDA:0,(anonymous_12)
FNDA:0,(anonymous_13)
FNDA:0,(anonymous_14)
FNDA:0,(anonymous_15)
FNDA:0,(anonymous_16)
FNDA:0,(anonymous_17)
FNDA:0,(anonymous_18)
FNDA:0,(anonymous_19)
DA:11,0
DA:12,0
DA:16,0
DA:19,0
DA:21,0
DA:25,0
DA:28,0
DA:37,0
DA:45,0
DA:47,0
DA:55,0
DA:59,0
DA:63,0
DA:68,0
DA:73,0
DA:79,0
DA:80,0
DA:139,0
DA:140,0
DA:142,0
DA:143,0
DA:144,0
DA:145,0
DA:149,0
DA:150,0
DA:154,0
DA:155,0
DA:163,0
DA:164,0
DA:165,0
DA:166,0
DA:169,0
DA:176,0
DA:180,0
DA:181,0
DA:202,0
DA:208,0
DA:212,0
DA:215,0
DA:232,0
LF:40
LH:0
BRDA:16,0,0,0
BRDA:16,0,1,0
BRDA:79,1,0,0
BRDA:79,1,1,0
BRDA:80,2,0,0
BRDA:80,2,1,0
BRDA:144,3,0,0
BRDA:144,3,1,0
BRDA:144,4,0,0
BRDA:144,4,1,0
BRDA:149,5,0,0
BRDA:149,5,1,0
BRDA:149,6,0,0
BRDA:149,6,1,0
BRDA:154,7,0,0
BRDA:154,7,1,0
BRDA:154,8,0,0
BRDA:154,8,1,0
BRDA:165,9,0,0
BRDA:165,9,1,0
BRDA:169,10,0,0
BRDA:169,10,1,0
BRDA:170,11,0,0
BRDA:170,11,1,0
BRDA:182,12,0,0
BRDA:182,12,1,0
BRDA:182,12,2,0
BRDA:194,13,0,0
BRDA:194,13,1,0
BRDA:200,14,0,0
BRDA:200,14,1,0
BRDA:200,14,2,0
BRDA:200,14,3,0
BRF:33
BRH:0
end_of_record
TN:
SF:/Users/davidescalzo/Desktop/kauri-serverless/app/containers/ArticleReview/Module.ts
FN:28,(anonymous_0)
FN:44,(anonymous_1)
FN:52,(anonymous_2)
FN:64,(anonymous_3)
FN:74,(anonymous_4)
FN:76,(anonymous_5)
FN:80,(anonymous_6)
FN:89,(anonymous_7)
FN:90,(anonymous_8)
FN:95,(anonymous_9)
FN:100,(anonymous_10)
FN:101,(anonymous_11)
FN:118,(anonymous_12)
FN:145,(anonymous_13)
FN:152,(anonymous_14)
FN:159,(anonymous_15)
FN:166,(anonymous_16)
FN:169,(anonymous_17)
FN:170,(anonymous_18)
FN:175,(anonymous_19)
FNF:20
FNH:0
FNDA:0,(anonymous_0)
FNDA:0,(anonymous_1)
FNDA:0,(anonymous_2)
FNDA:0,(anonymous_3)
FNDA:0,(anonymous_4)
FNDA:0,(anonymous_5)
FNDA:0,(anonymous_6)
FNDA:0,(anonymous_7)
FNDA:0,(anonymous_8)
FNDA:0,(anonymous_9)
FNDA:0,(anonymous_10)
FNDA:0,(anonymous_11)
FNDA:0,(anonymous_12)
FNDA:0,(anonymous_13)
FNDA:0,(anonymous_14)
FNDA:0,(anonymous_15)
FNDA:0,(anonymous_16)
FNDA:0,(anonymous_17)
FNDA:0,(anonymous_18)
FNDA:0,(anonymous_19)
DA:21,0
DA:28,0
DA:30,0
DA:44,0
DA:49,0
DA:53,0
DA:65,0
DA:75,0
DA:77,0
DA:81,0
DA:89,0
DA:90,0
DA:96,0
DA:100,0
DA:102,0
DA:119,0
DA:120,0
DA:138,0
DA:145,0
DA:147,0
DA:152,0
DA:157,0
DA:160,0
DA:167,0
DA:169,0
DA:171,0
DA:176,0
LF:27
LH:0
BRF:0
BRH:0
end_of_record
TN:
SF:/Users/davidescalzo/Desktop/kauri-serverless/app/containers/ArticleReview/RejectArticleModal.tsx
FN:13,(anonymous_0)
FN:16,(anonymous_1)
FN:28,(anonymous_2)
FN:32,(anonymous_3)
FN:39,(anonymous_4)
FN:49,(anonymous_5)
FN:55,(anonymous_6)
FN:72,(anonymous_7)
FN:86,(anonymous_8)
FN:93,(anonymous_9)
FN:104,(anonymous_10)
FN:113,(anonymous_11)
FN:116,(anonymous_12)
FNF:13
FNH:0
FNDA:0,(anonymous_0)
FNDA:0,(anonymous_1)
FNDA:0,(anonymous_2)
FNDA:0,(anonymous_3)
FNDA:0,(anonymous_4)
FNDA:0,(anonymous_5)
FNDA:0,(anonymous_6)
FNDA:0,(anonymous_7)
FNDA:0,(anonymous_8)
FNDA:0,(anonymous_9)
FNDA:0,(anonymous_10)
FNDA:0,(anonymous_11)
FNDA:0,(anonymous_12)
DA:9,0
DA:13,0
DA:16,0
DA:17,0
DA:23,0
DA:28,0
DA:32,0
DA:33,0
DA:39,0
DA:46,0
DA:49,0
DA:56,0
DA:57,0
DA:65,0
DA:72,0
DA:87,0
DA:88,0
DA:94,0
DA:96,0
DA:105,0
DA:114,0
DA:116,0
LF:22
LH:0
BRF:0
BRH:0
end_of_record
TN:
SF:/Users/davidescalzo/Desktop/kauri-serverless/app/containers/ArticleReview/View.tsx
FN:20,(anonymous_0)
FN:20,(anonymous_1)
FN:27,(anonymous_2)
FN:65,(anonymous_3)
FNF:4
FNH:0
FNDA:0,(anonymous_0)
FNDA:0,(anonymous_1)
FNDA:0,(anonymous_2)
FNDA:0,(anonymous_3)
DA:11,0
DA:13,0
DA:17,0
DA:20,0
DA:23,0
DA:27,0
DA:66,0
DA:67,0
DA:68,0
DA:71,0
DA:82,0
DA:95,0
LF:12
LH:0
BRDA:67,0,0,0
BRDA:67,0,1,0
BRDA:67,1,0,0
BRDA:67,1,1,0
BRDA:101,2,0,0
BRDA:101,2,1,0
BRDA:101,2,2,0
BRDA:101,2,3,0
BRDA:108,3,0,0
BRDA:108,3,1,0
BRDA:109,4,0,0
BRDA:109,4,1,0
BRDA:134,5,0,0
BRDA:134,5,1,0
BRF:14
BRH:0
end_of_record
TN:
SF:/Users/davidescalzo/Desktop/kauri-serverless/app/containers/ArticleReview/index.ts
FN:14,(anonymous_0)
FN:42,(anonymous_1)
FN:51,(anonymous_2)
FNF:3
FNH:0
FNDA:0,(anonymous_0)
FNDA:0,(anonymous_1)
FNDA:0,(anonymous_2)
DA:14,0
DA:17,0
DA:42,0
DA:51,0
LF:4
LH:0
BRDA:18,0,0,0
BRDA:18,0,1,0
BRDA:18,0,2,0
BRDA:20,1,0,0
BRDA:20,1,1,0
BRDA:20,1,2,0
BRF:6
BRH:0
end_of_record
TN:
SF:/Users/davidescalzo/Desktop/kauri-serverless/app/containers/CheckpointArticles/CTA.tsx
FN:4,(anonymous_0)
FN:37,(anonymous_1)
FN:43,(anonymous_2)
FN:47,(anonymous_3)
FN:49,(anonymous_4)
FN:60,(anonymous_5)
FN:68,(anonymous_6)
FNF:7
FNH:0
FNDA:0,(anonymous_0)
FNDA:0,(anonymous_1)
FNDA:0,(anonymous_2)
FNDA:0,(anonymous_3)
FNDA:0,(anonymous_4)
FNDA:0,(anonymous_5)
FNDA:0,(anonymous_6)
DA:4,0
DA:5,0
DA:38,0
DA:39,0
DA:44,0
DA:48,0
DA:49,0
DA:50,0
DA:51,0
DA:52,0
DA:54,0
DA:55,0
DA:61,0
DA:62,0
DA:64,0
DA:68,0
LF:16
LH:0
BRDA:50,0,0,0
BRDA:50,0,1,0
BRDA:54,1,0,0
BRDA:54,1,1,0
BRDA:61,2,0,0
BRDA:61,2,1,0
BRDA:70,3,0,0
BRDA:70,3,1,0
BRF:8
BRH:0
end_of_record
TN:
SF:/Users/davidescalzo/Desktop/kauri-serverless/app/containers/CheckpointArticles/Module.ts
FN:27,(anonymous_0)
FN:31,(anonymous_1)
FN:45,(anonymous_2)
FN:47,(anonymous_3)
FN:53,(anonymous_4)
FN:56,(anonymous_5)
FN:58,(anonymous_6)
FN:70,(anonymous_7)
FN:85,(anonymous_8)
FN:96,(anonymous_9)
FN:102,(anonymous_10)
FN:111,(anonymous_11)
FN:116,(anonymous_12)
FN:170,(anonymous_13)
FNF:14
FNH:0
FNDA:0,(anonymous_0)
FNDA:0,(anonymous_1)
FNDA:0,(anonymous_2)
FNDA:0,(anonymous_3)
FNDA:0,(anonymous_4)
FNDA:0,(anonymous_5)
FNDA:0,(anonymous_6)
FNDA:0,(anonymous_7)
FNDA:0,(anonymous_8)
FNDA:0,(anonymous_9)
FNDA:0,(anonymous_10)
FNDA:0,(anonymous_11)
FNDA:0,(anonymous_12)
FNDA:0,(anonymous_13)
DA:9,0
DA:27,0
DA:31,0
DA:43,0
DA:46,0
DA:48,0
DA:54,0
DA:56,0
DA:69,0
DA:71,0
DA:86,0
DA:94,0
DA:97,0
DA:102,0
DA:112,0
DA:117,0
DA:121,0
DA:129,0
DA:136,0
DA:144,0
DA:150,0
DA:159,0
DA:160,0
DA:171,0
DA:172,0
DA:179,0
DA:184,0
DA:192,0
DA:196,0
DA:205,0
DA:206,0
LF:31
LH:0
BRDA:117,0,0,0
BRDA:117,0,1,0
BRDA:118,1,0,0
BRDA:118,1,1,0
BRDA:129,2,0,0
BRDA:129,2,1,0
BRDA:130,3,0,0
BRDA:130,3,1,0
BRDA:130,3,2,0
BRDA:144,4,0,0
BRDA:144,4,1,0
BRDA:145,5,0,0
BRDA:145,5,1,0
BRDA:171,6,0,0
BRDA:171,6,1,0
BRDA:171,7,0,0
BRDA:171,7,1,0
BRDA:179,8,0,0
BRDA:179,8,1,0
BRDA:180,9,0,0
BRDA:180,9,1,0
BRDA:180,9,2,0
BRDA:192,10,0,0
BRDA:192,10,1,0
BRDA:193,11,0,0
BRDA:193,11,1,0
BRF:26
BRH:0
end_of_record
TN:
SF:/Users/davidescalzo/Desktop/kauri-serverless/app/containers/CheckpointArticles/View.tsx
FN:9,(anonymous_0)
FN:9,(anonymous_1)
FN:11,(anonymous_2)
FN:14,(anonymous_3)
FN:28,(anonymous_4)
FN:29,(anonymous_5)
FN:31,(anonymous_6)
FN:32,(anonymous_7)
FN:44,(anonymous_8)
FN:54,(anonymous_9)
FNF:10
FNH:0
FNDA:0,(anonymous_0)
FNDA:0,(anonymous_1)
FNDA:0,(anonymous_2)
FNDA:0,(anonymous_3)
FNDA:0,(anonymous_4)
FNDA:0,(anonymous_5)
FNDA:0,(anonymous_6)
FNDA:0,(anonymous_7)
FNDA:0,(anonymous_8)
FNDA:0,(anonymous_9)
DA:6,0
DA:9,0
DA:11,0
DA:14,0
DA:19,0
DA:25,0
DA:28,0
DA:29,0
DA:31,0
DA:32,0
DA:51,0
DA:54,0
LF:12
LH:0
BRDA:15,0,0,0
BRDA:49,1,0,0
BRDA:51,2,0,0
BRDA:51,2,1,0
BRDA:53,3,0,0
BRDA:53,3,1,0
BRDA:53,4,0,0
BRDA:53,4,1,0
BRDA:55,5,0,0
BRDA:55,5,1,0
BRDA:65,6,0,0
BRDA:65,6,1,0
BRDA:66,7,0,0
BRDA:66,7,1,0
BRF:14
BRH:0
end_of_record
TN:
SF:/Users/davidescalzo/Desktop/kauri-serverless/app/containers/CheckpointArticles/index.ts
FN:6,(anonymous_0)
FNF:1
FNH:0
FNDA:0,(anonymous_0)
DA:6,0
LF:1
LH:0
BRDA:7,0,0,0
BRDA:7,0,1,0
BRF:2
BRH:0
end_of_record
TN:
SF:/Users/davidescalzo/Desktop/kauri-serverless/app/containers/ChooseArticleCard/View.tsx
FN:23,(anonymous_0)
FN:32,(anonymous_1)
FN:35,(anonymous_2)
FN:38,(anonymous_3)
FN:68,(anonymous_4)
FNF:5
FNH:0
FNDA:0,(anonymous_0)
FNDA:0,(anonymous_1)
FNDA:0,(anonymous_2)
FNDA:0,(anonymous_3)
FNDA:0,(anonymous_4)
DA:11,0
DA:23,0
DA:24,0
DA:25,0
DA:26,0
DA:29,0
DA:33,0
DA:34,0
DA:36,0
DA:37,0
DA:38,0
DA:41,0
DA:44,0
DA:48,0
DA:57,0
DA:62,0
DA:68,0
DA:69,0
DA:77,0
DA:80,0
LF:20
LH:0
BRDA:25,0,0,0
BRDA:25,0,1,0
BRDA:29,1,0,0
BRDA:29,1,1,0
BRDA:29,2,0,0
BRDA:29,2,1,0
BRDA:33,3,0,0
BRDA:33,3,1,0
BRDA:34,4,0,0
BRDA:34,4,1,0
BRDA:36,5,0,0
BRDA:36,5,1,0
BRDA:69,6,0,0
BRDA:69,6,1,0
BRDA:70,7,0,0
BRDA:70,7,1,0
BRDA:70,7,2,0
BRDA:70,7,3,0
BRDA:70,7,4,0
BRDA:70,7,5,0
BRF:20
BRH:0
end_of_record
TN:
SF:/Users/davidescalzo/Desktop/kauri-serverless/app/containers/ChooseCollectionCard/View.tsx
FN:29,(anonymous_0)
FN:31,(anonymous_1)
FN:33,(anonymous_2)
FN:35,(anonymous_3)
FN:43,(anonymous_4)
FN:55,(anonymous_5)
FN:59,(anonymous_6)
FN:62,(anonymous_7)
FN:78,(anonymous_8)
FN:81,(anonymous_9)
FN:94,(anonymous_10)
FN:97,(anonymous_11)
FN:124,(anonymous_12)
FN:125,(anonymous_13)
FN:128,(anonymous_14)
FN:139,(anonymous_15)
FN:152,(anonymous_16)
FN:178,(anonymous_17)
FNF:18
FNH:0
FNDA:0,(anonymous_0)
FNDA:0,(anonymous_1)
FNDA:0,(anonymous_2)
FNDA:0,(anonymous_3)
FNDA:0,(anonymous_4)
FNDA:0,(anonymous_5)
FNDA:0,(anonymous_6)
FNDA:0,(anonymous_7)
FNDA:0,(anonymous_8)
FNDA:0,(anonymous_9)
FNDA:0,(anonymous_10)
FNDA:0,(anonymous_11)
FNDA:0,(anonymous_12)
FNDA:0,(anonymous_13)
FNDA:0,(anonymous_14)
FNDA:0,(anonymous_15)
FNDA:0,(anonymous_16)
FNDA:0,(anonymous_17)
DA:13,0
DA:25,0
DA:29,0
DA:31,0
DA:33,0
DA:36,0
DA:43,0
DA:52,0
DA:57,0
DA:60,0
DA:61,0
DA:63,0
DA:68,0
DA:73,0
DA:77,0
DA:79,0
DA:80,0
DA:82,0
DA:87,0
DA:89,0
DA:93,0
DA:95,0
DA:96,0
DA:98,0
DA:103,0
DA:105,0
DA:108,0
DA:124,0
DA:126,0
DA:129,0
DA:133,0
DA:140,0
DA:153,0
DA:167,0
DA:172,0
DA:179,0
DA:185,0
DA:188,0
LF:38
LH:0
BRDA:52,0,0,0
BRDA:52,0,1,0
BRDA:52,1,0,0
BRDA:52,1,1,0
BRDA:52,1,2,0
BRDA:57,2,0,0
BRDA:57,2,1,0
BRDA:60,3,0,0
BRDA:60,3,1,0
BRDA:63,4,0,0
BRDA:63,4,1,0
BRDA:77,5,0,0
BRDA:77,5,1,0
BRDA:79,6,0,0
BRDA:79,6,1,0
BRDA:79,7,0,0
BRDA:79,7,1,0
BRDA:82,8,0,0
BRDA:82,8,1,0
BRDA:93,9,0,0
BRDA:93,9,1,0
BRDA:95,10,0,0
BRDA:95,10,1,0
BRDA:95,11,0,0
BRDA:95,11,1,0
BRDA:98,12,0,0
BRDA:98,12,1,0
BRDA:115,13,0,0
BRDA:115,13,1,0
BRDA:116,14,0,0
BRDA:116,14,1,0
BRDA:118,15,0,0
BRDA:118,15,1,0
BRDA:153,16,0,0
BRDA:153,16,1,0
BRDA:179,17,0,0
BRDA:179,17,1,0
BRDA:180,18,0,0
BRDA:180,18,1,0
BRDA:180,18,2,0
BRDA:180,18,3,0
BRF:41
BRH:0
end_of_record
TN:
SF:/Users/davidescalzo/Desktop/kauri-serverless/app/containers/ChooseCommunityArticleCard/View.tsx
FN:23,(anonymous_0)
FN:34,(anonymous_1)
[...]
DA:149,0
DA:153,0
DA:159,0
DA:163,0
DA:168,0
LF:20
LH:0
BRDA:149,0,0,0
BRDA:149,0,1,0
BRDA:153,1,0,0
BRDA:153,1,1,0
BRDA:168,2,0,0
BRDA:168,2,1,0
BRDA:168,3,0,0
BRDA:168,3,1,0
BRDA:168,3,2,0
BRDA:168,3,3,0
BRDA:168,3,4,0
BRDA:168,3,5,0
BRF:12
BRH:0
end_of_record
TN:
SF:/Users/davidescalzo/Desktop/kauri-serverless/app/lib/analytics.ts
FN:13,(anonymous_0)
FN:17,(anonymous_1)
FN:28,(anonymous_2)
FN:50,(anonymous_3)
FN:51,s4
FN:73,(anonymous_5)
FN:84,(anonymous_6)
FN:85,(anonymous_7)
FN:104,(anonymous_8)
FN:108,(anonymous_9)
FN:109,(anonymous_10)
FN:120,(anonymous_11)
FN:121,(anonymous_12)
FN:129,(anonymous_13)
FN:136,(anonymous_14)
FN:147,(anonymous_15)
FN:148,(anonymous_16)
FNF:17
FNH:0
FNDA:0,(anonymous_0)
FNDA:0,(anonymous_1)
FNDA:0,(anonymous_2)
FNDA:0,(anonymous_3)
FNDA:0,s4
FNDA:0,(anonymous_5)
FNDA:0,(anonymous_6)
FNDA:0,(anonymous_7)
FNDA:0,(anonymous_8)
FNDA:0,(anonymous_9)
FNDA:0,(anonymous_10)
FNDA:0,(anonymous_11)
FNDA:0,(anonymous_12)
FNDA:0,(anonymous_13)
FNDA:0,(anonymous_14)
FNDA:0,(anonymous_15)
FNDA:0,(anonymous_16)
DA:7,1
DA:13,1
DA:14,0
DA:15,0
DA:17,0
DA:18,0
DA:19,0
DA:20,0
DA:26,1
DA:29,0
DA:31,0
DA:32,0
DA:35,0
DA:36,0
DA:40,0
DA:44,0
DA:52,0
DA:56,0
DA:74,0
DA:75,0
DA:84,1
DA:85,0
DA:86,0
DA:89,0
DA:99,0
DA:100,0
DA:104,1
DA:105,0
DA:108,1
DA:109,0
DA:110,0
DA:111,0
DA:112,0
DA:114,0
DA:120,1
DA:121,0
DA:122,0
DA:126,0
DA:129,1
DA:130,0
DA:131,0
DA:132,0
DA:137,0
DA:138,0
DA:140,0
DA:147,1
DA:148,0
DA:149,0
LF:48
LH:9
BRDA:7,0,0,0
BRDA:7,0,1,1
BRDA:7,1,0,1
BRDA:7,1,1,0
BRDA:14,2,0,0
BRDA:14,2,1,0
BRDA:18,3,0,0
BRDA:18,3,1,0
BRDA:31,4,0,0
BRDA:31,4,1,0
BRDA:35,5,0,0
BRDA:35,5,1,0
BRDA:40,6,0,0
BRDA:40,6,1,0
BRDA:90,7,0,0
BRDA:90,7,1,0
BRF:16
BRH:2
end_of_record
TN:
SF:/Users/davidescalzo/Desktop/kauri-serverless/app/lib/apollo-subscriber.ts
FN:4,(anonymous_0)
FN:6,(anonymous_1)
FN:7,(anonymous_2)
FN:14,(anonymous_3)
FN:15,(anonymous_4)
FN:20,(anonymous_5)
FN:22,(anonymous_6)
FN:30,(anonymous_7)
FN:36,(anonymous_8)
FN:44,(anonymous_9)
FN:45,(anonymous_10)
FNF:11
FNH:0
FNDA:0,(anonymous_0)
FNDA:0,(anonymous_1)
FNDA:0,(anonymous_2)
FNDA:0,(anonymous_3)
FNDA:0,(anonymous_4)
FNDA:0,(anonymous_5)
FNDA:0,(anonymous_6)
FNDA:0,(anonymous_7)
FNDA:0,(anonymous_8)
FNDA:0,(anonymous_9)
FNDA:0,(anonymous_10)
DA:4,0
DA:5,0
DA:7,0
DA:8,0
DA:14,0
DA:15,0
DA:22,0
DA:23,0
DA:34,0
DA:36,0
DA:44,0
DA:45,0
LF:12
LH:0
BRDA:23,0,0,0
BRDA:23,0,1,0
BRF:2
BRH:0
end_of_record
TN:
SF:/Users/davidescalzo/Desktop/kauri-serverless/app/lib/createReducer.ts
FN:1,createReducer
FN:2,reducer
FNF:2
FNH:0
FNDA:0,createReducer
FNDA:0,reducer
DA:2,0
DA:3,0
LF:2
LH:0
BRDA:1,0,0,0
BRDA:1,1,0,0
BRDA:2,2,0,0
BRDA:3,3,0,0
BRDA:3,3,1,0
BRF:5
BRH:0
end_of_record
TN:
SF:/Users/davidescalzo/Desktop/kauri-serverless/app/lib/generate-publish-article-hash.ts
FN:3,(anonymous_0)
FN:10,(anonymous_1)
FN:18,(anonymous_2)
FN:19,(anonymous_3)
FNF:4
FNH:0
FNDA:0,(anonymous_0)
FNDA:0,(anonymous_1)
FNDA:0,(anonymous_2)
FNDA:0,(anonymous_3)
DA:3,0
DA:4,0
DA:6,0
DA:7,0
DA:10,0
DA:17,0
DA:18,0
DA:19,0
DA:20,0
DA:21,0
DA:22,0
DA:24,0
DA:28,0
DA:29,0
DA:31,0
DA:35,0
DA:36,0
DA:37,0
DA:38,0
DA:41,0
DA:42,0
DA:43,0
DA:44,0
DA:45,0
DA:47,0
LF:25
LH:0
BRDA:17,0,0,0
BRDA:17,0,1,0
BRDA:20,1,0,0
BRDA:20,1,1,0
BRDA:21,2,0,0
BRDA:21,2,1,0
BRDA:28,3,0,0
BRDA:28,3,1,0
BRF:8
BRH:0
end_of_record
TN:
SF:/Users/davidescalzo/Desktop/kauri-serverless/app/lib/hljs.tsx
FN:19,(anonymous_0)
FN:24,(anonymous_1)
FNF:2
FNH:0
FNDA:0,(anonymous_0)
FNDA:0,(anonymous_1)
DA:5,0
DA:17,0
DA:19,0
DA:20,0
DA:21,0
DA:25,0
LF:6
LH:0
BRF:0
BRH:0
end_of_record
TN:
SF:/Users/davidescalzo/Desktop/kauri-serverless/app/lib/init-apollo.ts
FN:68,create
FN:111,(anonymous_1)
FN:125,(anonymous_2)
FN:145,initApollo
FNF:4
FNH:0
FNDA:0,create
FNDA:0,(anonymous_1)
FNDA:0,(anonymous_2)
FNDA:0,initApollo
DA:60,0
DA:61,0
DA:64,0
DA:69,0
DA:79,0
DA:80,0
DA:95,0
DA:97,0
DA:98,0
DA:99,0
DA:109,0
DA:112,0
DA:113,0
DA:123,0
DA:126,0
DA:128,0
DA:130,0
DA:135,0
DA:146,0
LF:19
LH:0
BRDA:60,0,0,0
BRDA:60,0,1,0
BRDA:82,1,0,0
BRDA:82,1,1,0
BRDA:84,2,0,0
BRDA:84,2,1,0
BRDA:91,3,0,0
BRDA:91,3,1,0
BRDA:97,4,0,0
BRDA:97,4,1,0
BRDA:97,5,0,0
BRDA:97,5,1,0
BRDA:101,6,0,0
BRDA:101,6,1,0
BRDA:114,7,0,0
BRDA:114,7,1,0
BRDA:126,8,0,0
BRDA:126,8,1,0
BRDA:140,9,0,0
BRDA:140,9,1,0
BRF:20
BRH:0
end_of_record
TN:
SF:/Users/davidescalzo/Desktop/kauri-serverless/app/lib/init-redux.ts
FN:13,(anonymous_0)
FN:18,create
FN:26,(anonymous_2)
FN:59,(anonymous_3)
FN:71,(anonymous_4)
FNF:5
FNH:0
FNDA:0,(anonymous_0)
FNDA:0,create
FNDA:0,(anonymous_2)
FNDA:0,(anonymous_3)
FNDA:0,(anonymous_4)
DA:13,0
DA:14,0
DA:15,0
DA:19,0
DA:27,0
DA:37,0
DA:41,0
DA:45,0
DA:54,0
DA:56,0
DA:59,0
DA:60,0
DA:61,0
DA:62,0
DA:63,0
DA:65,0
DA:67,0
DA:73,0
DA:74,0
DA:76,0
LF:20
LH:0
BRDA:14,0,0,0
BRDA:14,0,1,0
BRDA:14,1,0,0
BRDA:14,1,1,0
BRDA:18,2,0,0
BRDA:21,3,0,0
BRDA:21,3,1,0
BRDA:21,3,2,0
BRDA:21,3,3,0
BRDA:27,4,0,0
BRDA:27,4,1,0
BRDA:62,5,0,0
BRDA:62,5,1,0
BRDA:73,6,0,0
BRDA:73,6,1,0
BRF:15
BRH:0
end_of_record
TN:
SF:/Users/davidescalzo/Desktop/kauri-serverless/app/lib/init-smart-contracts.ts
FN:14,(anonymous_0)
FN:18,(anonymous_1)
FN:24,(anonymous_2)
FN:30,(anonymous_3)
FN:31,(anonymous_4)
FN:33,(anonymous_5)
FN:43,(anonymous_6)
FN:44,(anonymous_7)
FN:47,(anonymous_8)
FN:48,(anonymous_9)
FN:55,(anonymous_10)
FN:61,(anonymous_11)
FNF:12
FNH:0
FNDA:0,(anonymous_0)
FNDA:0,(anonymous_1)
FNDA:0,(anonymous_2)
FNDA:0,(anonymous_3)
FNDA:0,(anonymous_4)
FNDA:0,(anonymous_5)
FNDA:0,(anonymous_6)
FNDA:0,(anonymous_7)
FNDA:0,(anonymous_8)
FNDA:0,(anonymous_9)
FNDA:0,(anonymous_10)
FNDA:0,(anonymous_11)
DA:5,0
DA:6,0
DA:14,0
DA:15,0
DA:16,0
DA:17,0
DA:19,0
DA:24,0
DA:27,0
DA:29,0
DA:31,0
DA:32,0
DA:33,0
DA:35,0
DA:40,0
DA:44,0
DA:48,0
DA:49,0
DA:52,0
DA:57,0
DA:58,0
DA:59,0
DA:62,0
DA:63,0
LF:24
LH:0
BRDA:15,0,0,0
BRDA:15,0,1,0
BRF:2
BRH:0
end_of_record
TN:
SF:/Users/davidescalzo/Desktop/kauri-serverless/app/lib/init-uppy.ts
FN:9,parseCookies
FN:18,(anonymous_1)
FN:21,(anonymous_2)
FN:23,blobToFile
FN:33,(anonymous_4)
FN:34,(anonymous_5)
FN:53,(anonymous_6)
FN:60,(anonymous_7)
FN:61,(anonymous_8)
FN:66,(anonymous_9)
FN:71,(anonymous_10)
FN:76,(anonymous_11)
FN:85,(anonymous_12)
FN:97,(anonymous_13)
FN:111,(anonymous_14)
FN:120,(anonymous_15)
FN:126,(anonymous_16)
FN:132,(anonymous_17)
FN:139,(anonymous_18)
FNF:19
FNH:0
FNDA:0,parseCookies
FNDA:0,(anonymous_1)
FNDA:0,(anonymous_2)
FNDA:0,blobToFile
FNDA:0,(anonymous_4)
FNDA:0,(anonymous_5)
FNDA:0,(anonymous_6)
FNDA:0,(anonymous_7)
FNDA:0,(anonymous_8)
FNDA:0,(anonymous_9)
FNDA:0,(anonymous_10)
FNDA:0,(anonymous_11)
FNDA:0,(anonymous_12)
FNDA:0,(anonymous_13)
FNDA:0,(anonymous_14)
FNDA:0,(anonymous_15)
FNDA:0,(anonymous_16)
FNDA:0,(anonymous_17)
FNDA:0,(anonymous_18)
DA:2,0
DA:3,0
DA:4,0
DA:5,0
DA:11,0
DA:12,0
DA:13,0
DA:14,0
DA:18,0
DA:19,0
DA:21,0
DA:22,0
DA:24,0
DA:28,0
DA:30,0
DA:33,0
DA:34,0
DA:35,0
DA:36,0
DA:38,0
DA:39,0
DA:40,0
DA:41,0
DA:42,0
DA:47,0
DA:49,0
DA:51,0
DA:54,0
DA:55,0
DA:56,0
DA:60,0
DA:61,0
DA:62,0
DA:66,0
DA:67,0
DA:68,0
DA:71,0
DA:72,0
DA:74,0
DA:76,0
DA:77,0
DA:85,0
DA:86,0
DA:87,0
DA:93,0
DA:97,0
DA:98,0
DA:100,0
DA:104,0
DA:106,0
DA:107,0
DA:108,0
DA:111,0
DA:112,0
DA:114,0
DA:116,0
DA:117,0
DA:120,0
DA:121,0
DA:124,0
DA:126,0
DA:127,0
DA:130,0
DA:132,0
DA:133,0
DA:139,0
DA:140,0
DA:141,0
DA:180,0
LF:69
LH:0
BRDA:11,0,0,0
BRDA:11,0,1,0
BRDA:11,0,2,0
BRDA:12,1,0,0
BRDA:12,1,1,0
BRDA:13,2,0,0
BRDA:13,2,1,0
BRDA:41,3,0,0
BRDA:41,3,1,0
BRDA:74,4,0,0
BRDA:74,4,1,0
BRDA:87,5,0,0
BRDA:87,5,1,0
BRDA:88,6,0,0
BRDA:88,6,1,0
BRDA:88,6,2,0
BRDA:88,6,3,0
BRDA:104,7,0,0
BRDA:104,7,1,0
BRDA:114,8,0,0
BRDA:114,8,1,0
BRDA:148,9,0,0
BRDA:148,9,1,0
BRF:23
BRH:0
end_of_record
TN:
SF:/Users/davidescalzo/Desktop/kauri-serverless/app/lib/root.ts
FNF:0
FNH:0
DA:68,0
DA:75,0
DA:126,0
LF:3
LH:0
BRF:0
BRH:0
end_of_record
TN:
SF:/Users/davidescalzo/Desktop/kauri-serverless/app/lib/rxjs-used-operators.ts
FNF:0
FNH:0
LF:0
LH:0
BRF:0
BRH:0
end_of_record
TN:
SF:/Users/davidescalzo/Desktop/kauri-serverless/app/lib/show-form-validation-errors.ts
FN:8,(anonymous_0)
FN:13,(anonymous_1)
FN:14,(anonymous_2)
FN:21,(anonymous_3)
FN:31,(anonymous_4)
FN:32,(anonymous_5)
FNF:6
FNH:0
FNDA:0,(anonymous_0)
FNDA:0,(anonymous_1)
FNDA:0,(anonymous_2)
FNDA:0,(anonymous_3)
FNDA:0,(anonymous_4)
FNDA:0,(anonymous_5)
DA:8,0
DA:13,0
DA:14,0
DA:15,0
DA:16,0
DA:17,0
DA:20,0
DA:21,0
DA:22,0
DA:23,0
DA:29,0
DA:32,0
DA:33,0
DA:44,0
LF:14
LH:0
BRDA:20,0,0,0
BRDA:20,0,1,0
BRDA:22,1,0,0
BRDA:22,1,1,0
BRDA:44,2,0,0
BRDA:44,2,1,0
BRF:6
BRH:0
end_of_record
TN:
SF:/Users/davidescalzo/Desktop/kauri-serverless/app/lib/theme-config.ts
FNF:0
FNH:0
DA:36,19
DA:62,19
DA:64,19
DA:66,19
DA:68,19
DA:70,19
DA:72,19
DA:74,19
DA:86,19
LF:9
LH:9
BRF:0
BRH:0
end_of_record
TN:
SF:/Users/davidescalzo/Desktop/kauri-serverless/app/lib/use-toggle.ts
FN:13,toggleReducer
FN:26,(anonymous_1)
FN:26,(anonymous_2)
FN:29,(anonymous_3)
FN:29,(anonymous_4)
FN:32,(anonymous_5)
FN:32,(anonymous_6)
FNF:7
FNH:0
FNDA:0,toggleReducer
FNDA:0,(anonymous_1)
FNDA:0,(anonymous_2)
FNDA:0,(anonymous_3)
FNDA:0,(anonymous_4)
FNDA:0,(anonymous_5)
FNDA:0,(anonymous_6)
DA:11,1
DA:14,0
DA:16,0
DA:18,0
DA:20,0
DA:22,0
DA:26,1
DA:27,0
DA:29,1
DA:30,0
DA:32,1
DA:33,0
LF:12
LH:4
BRDA:14,0,0,0
BRDA:14,0,1,0
BRDA:14,0,2,0
BRDA:14,0,3,0
BRF:4
BRH:0
end_of_record
TN:
SF:/Users/davidescalzo/Desktop/kauri-serverless/app/lib/userid-trim.ts
FN:1,(anonymous_0)
FNF:1
FNH:0
FNDA:0,(anonymous_0)
DA:2,0
LF:1
LH:0
BRDA:2,0,0,0
BRDA:2,0,1,0
BRF:2
BRH:0
end_of_record
TN:
SF:/Users/davidescalzo/Desktop/kauri-serverless/app/lib/web3-get-network.ts
FN:13,(anonymous_0)
FN:14,(anonymous_1)
FN:16,(anonymous_2)
FN:32,(anonymous_3)
FN:34,(anonymous_4)
FNF:5
FNH:0
FNDA:0,(anonymous_0)
FNDA:0,(anonymous_1)
FNDA:0,(anonymous_2)
FNDA:0,(anonymous_3)
FNDA:0,(anonymous_4)
DA:4,0
DA:13,0
DA:14,0
DA:15,0
DA:17,0
DA:18,0
DA:19,0
DA:20,0
DA:23,0
DA:24,0
DA:26,0
DA:32,0
DA:33,0
DA:35,0
DA:36,0
DA:37,0
DA:38,0
DA:39,0
DA:41,0
LF:19
LH:0
BRDA:15,0,0,0
BRDA:15,0,1,0
BRDA:18,1,0,0
BRDA:18,1,1,0
BRDA:23,2,0,0
BRDA:23,2,1,0
BRDA:33,3,0,0
BRDA:33,3,1,0
BRDA:33,4,0,0
BRDA:33,4,1,0
BRDA:36,5,0,0
BRDA:36,5,1,0
BRDA:38,6,0,0
BRDA:38,6,1,0
BRF:14
BRH:0
end_of_record
TN:
SF:/Users/davidescalzo/Desktop/kauri-serverless/app/lib/web3-personal-sign.ts
FN:6,(anonymous_0)
FN:7,(anonymous_1)
FN:13,(anonymous_2)
FN:28,(anonymous_3)
FN:37,(anonymous_4)
FN:49,(anonymous_5)
FN:58,(anonymous_6)
FN:59,(anonymous_7)
FN:67,(anonymous_8)
FN:70,(anonymous_9)
FN:79,(anonymous_10)
FN:85,(anonymous_11)
FNF:12
FNH:0
FNDA:0,(anonymous_0)
FNDA:0,(anonymous_1)
FNDA:0,(anonymous_2)
FNDA:0,(anonymous_3)
FNDA:0,(anonymous_4)
FNDA:0,(anonymous_5)
FNDA:0,(anonymous_6)
FNDA:0,(anonymous_7)
FNDA:0,(anonymous_8)
FNDA:0,(anonymous_9)
FNDA:0,(anonymous_10)
FNDA:0,(anonymous_11)
DA:6,0
DA:7,0
DA:8,0
DA:9,0
DA:10,0
DA:14,0
DA:15,0
DA:16,0
DA:18,0
DA:29,0
DA:30,0
DA:31,0
DA:38,0
DA:39,0
DA:42,0
DA:50,0
DA:51,0
DA:52,0
DA:58,0
DA:59,0
DA:60,0
DA:61,0
DA:62,0
DA:64,0
DA:67,0
DA:68,0
DA:71,0
DA:80,0
DA:86,0
DA:87,0
DA:88,0
DA:90,0
LF:32
LH:0
BRDA:8,0,0,0
BRDA:8,0,1,0
BRDA:9,1,0,0
BRDA:9,1,1,0
BRDA:9,2,0,0
BRDA:9,2,1,0
BRDA:10,3,0,0
BRDA:10,3,1,0
BRDA:15,4,0,0
BRDA:15,4,1,0
BRDA:15,5,0,0
BRDA:15,5,1,0
BRDA:29,6,0,0
BRDA:29,6,1,0
BRDA:31,7,0,0
BRDA:31,7,1,0
BRDA:31,8,0,0
BRDA:31,8,1,0
BRDA:50,9,0,0
BRDA:50,9,1,0
BRDA:52,10,0,0
BRDA:52,10,1,0
BRDA:52,11,0,0
BRDA:52,11,1,0
BRDA:61,12,0,0
BRDA:61,12,1,0
BRDA:68,13,0,0
BRDA:68,13,1,0
BRDA:68,14,0,0
BRDA:68,14,1,0
BRDA:87,15,0,0
BRDA:87,15,1,0
BRF:32
BRH:0
end_of_record
TN:
SF:/Users/davidescalzo/Desktop/kauri-serverless/app/lib/with-apollo-error.tsx
FN:19,(anonymous_0)
FN:33,(anonymous_1)
FN:35,(anonymous_2)
FNF:3
FNH:0
FNDA:0,(anonymous_0)
FNDA:0,(anonymous_1)
FNDA:0,(anonymous_2)
DA:5,0
DA:24,0
DA:25,0
DA:34,0
DA:35,0
LF:5
LH:0
BRDA:25,0,0,0
BRDA:25,0,1,0
BRDA:33,1,0,0
BRDA:33,2,0,0
BRDA:35,3,0,0
BRDA:35,3,1,0
BRF:6
BRH:0
end_of_record
TN:
SF:/Users/davidescalzo/Desktop/kauri-serverless/app/lib/with-data.tsx
FN:31,(anonymous_0)
FN:34,(anonymous_1)
FN:39,(anonymous_2)
FN:48,(anonymous_3)
FN:61,(anonymous_4)
FN:65,(anonymous_5)
FN:108,(anonymous_6)
FN:213,(anonymous_7)
FN:216,(anonymous_8)
FN:222,(anonymous_9)
FN:223,(anonymous_10)
FN:274,(anonymous_11)
FN:279,(anonymous_12)
FN:286,(anonymous_13)
FNF:14
FNH:0
FNDA:0,(anonymous_0)
FNDA:0,(anonymous_1)
FNDA:0,(anonymous_2)
FNDA:0,(anonymous_3)
FNDA:0,(anonymous_4)
FNDA:0,(anonymous_5)
FNDA:0,(anonymous_6)
FNDA:0,(anonymous_7)
FNDA:0,(anonymous_8)
FNDA:0,(anonymous_9)
FNDA:0,(anonymous_10)
FNDA:0,(anonymous_11)
FNDA:0,(anonymous_12)
FNDA:0,(anonymous_13)
DA:29,0
DA:31,0
DA:32,0
DA:33,0
DA:34,0
DA:36,0
DA:38,0
DA:39,0
DA:40,0
DA:42,0
DA:43,0
DA:46,0
DA:48,0
DA:50,0
DA:51,0
DA:52,0
DA:53,0
DA:62,0
DA:66,0
DA:68,0
DA:71,0
DA:77,0
DA:83,0
DA:85,0
DA:89,0
DA:97,0
DA:100,0
DA:105,0
DA:108,0
DA:111,0
DA:114,0
DA:115,0
DA:117,0
DA:120,0
DA:121,0
DA:122,0
DA:123,0
DA:129,0
DA:131,0
DA:139,0
DA:140,0
DA:141,0
DA:145,0
DA:146,0
DA:147,0
DA:155,0
DA:156,0
DA:159,0
DA:166,0
DA:179,0
DA:180,0
DA:188,0
DA:192,0
DA:194,0
DA:196,0
DA:203,0
DA:214,0
DA:215,0
DA:216,0
DA:219,0
DA:223,0
DA:224,0
DA:227,0
DA:228,0
DA:229,0
DA:230,0
DA:232,0
DA:233,0
DA:236,0
DA:241,0
DA:246,0
DA:252,0
DA:257,0
DA:274,0
DA:275,0
DA:280,0
DA:281,0
DA:282,0
DA:287,0
LF:79
LH:0
BRDA:31,0,0,0
BRDA:31,1,0,0
BRDA:38,2,0,0
BRDA:38,2,1,0
BRDA:50,3,0,0
BRDA:50,3,1,0
BRDA:50,3,2,0
BRDA:51,4,0,0
BRDA:51,4,1,0
BRDA:52,5,0,0
BRDA:52,5,1,0
BRDA:68,6,0,0
BRDA:68,6,1,0
BRDA:68,6,2,0
BRDA:71,7,0,0
BRDA:71,7,1,0
BRDA:71,8,0,0
BRDA:71,8,1,0
BRDA:89,9,0,0
BRDA:89,9,1,0
BRDA:90,10,0,0
BRDA:90,10,1,0
BRDA:90,10,2,0
BRDA:90,10,3,0
BRDA:90,10,4,0
BRDA:90,10,5,0
BRDA:115,11,0,0
BRDA:115,11,1,0
BRDA:117,12,0,0
BRDA:117,12,1,0
BRDA:120,13,0,0
BRDA:120,13,1,0
BRDA:129,14,0,0
BRDA:129,14,1,0
BRDA:140,15,0,0
BRDA:140,15,1,0
BRDA:141,16,0,0
BRDA:141,16,1,0
BRDA:146,17,0,0
BRDA:146,17,1,0
BRDA:155,18,0,0
BRDA:155,18,1,0
BRDA:156,19,0,0
BRDA:156,19,1,0
BRDA:156,20,0,0
BRDA:156,20,1,0
BRDA:194,21,0,0
BRDA:194,21,1,0
BRDA:224,22,0,0
BRDA:224,22,1,0
BRDA:229,23,0,0
BRDA:229,23,1,0
BRDA:232,24,0,0
BRDA:232,24,1,0
BRDA:241,25,0,0
BRDA:241,25,1,0
BRDA:242,26,0,0
BRDA:242,26,1,0
BRDA:275,27,0,0
BRDA:275,27,1,0
BRDA:280,28,0,0
BRDA:280,28,1,0
BRDA:280,29,0,0
BRDA:280,29,1,0
BRDA:280,29,2,0
BRDA:295,30,0,0
BRDA:295,30,1,0
BRF:67
BRH:0
end_of_record
TN:
SF:/Users/davidescalzo/Desktop/kauri-serverless/app/lib/with-loading.ts
FN:10,(anonymous_0)
FN:12,(anonymous_1)
FNF:2
FNH:0
FNDA:0,(anonymous_0)
FNDA:0,(anonymous_1)
DA:11,0
DA:12,0
LF:2
LH:0
BRDA:10,0,0,0
BRDA:10,1,0,0
BRDA:12,2,0,0
BRDA:12,2,1,0
BRF:4
BRH:0
end_of_record
TN:
SF:/Users/davidescalzo/Desktop/kauri-serverless/app/lib/with-pagination.tsx
FN:25,withPagination
FN:34,(anonymous_1)
FN:44,(anonymous_2)
FN:45,(anonymous_3)
FN:47,(anonymous_4)
FN:67,(anonymous_5)
FN:67,(anonymous_6)
FN:102,(anonymous_7)
FN:106,(anonymous_8)
FN:148,(anonymous_9)
FN:176,(anonymous_10)
FN:177,(anonymous_11)
FNF:12
FNH:0
FNDA:0,withPagination
FNDA:0,(anonymous_1)
FNDA:0,(anonymous_2)
FNDA:0,(anonymous_3)
FNDA:0,(anonymous_4)
FNDA:0,(anonymous_5)
FNDA:0,(anonymous_6)
FNDA:0,(anonymous_7)
FNDA:0,(anonymous_8)
FNDA:0,(anonymous_9)
FNDA:0,(anonymous_10)
FNDA:0,(anonymous_11)
DA:35,0
DA:36,0
DA:40,0
DA:41,0
DA:45,0
DA:47,0
DA:48,0
DA:49,0
DA:54,0
DA:58,0
DA:60,0
DA:61,0
DA:65,0
DA:67,0
DA:68,0
DA:69,0
DA:74,0
DA:78,0
DA:80,0
DA:81,0
DA:84,0
DA:85,0
DA:86,0
DA:87,0
DA:91,0
DA:95,0
DA:98,0
DA:99,0
DA:103,0
DA:106,0
DA:108,0
DA:118,0
DA:125,0
DA:134,0
DA:138,0
DA:145,0
DA:146,0
DA:147,0
DA:149,0
DA:150,0
DA:151,0
DA:153,0
DA:167,0
DA:177,0
DA:178,0
DA:180,0
DA:189,0
LF:47
LH:0
BRDA:28,0,0,0
BRDA:48,1,0,0
BRDA:48,1,1,0
BRDA:68,2,0,0
BRDA:68,2,1,0
BRDA:84,3,0,0
BRDA:84,3,1,0
BRDA:108,4,0,0
BRDA:108,4,1,0
BRDA:108,4,2,0
BRDA:108,4,3,0
BRDA:108,4,4,0
BRDA:108,4,5,0
BRDA:108,4,6,0
BRDA:114,5,0,0
BRDA:114,5,1,0
BRDA:114,5,2,0
BRDA:118,6,0,0
BRDA:118,6,1,0
BRDA:118,6,2,0
BRDA:118,6,3,0
BRDA:118,6,4,0
BRDA:118,6,5,0
BRDA:118,6,6,0
BRDA:125,7,0,0
BRDA:125,7,1,0
BRDA:125,7,2,0
BRDA:125,7,3,0
BRDA:125,7,4,0
BRDA:125,7,5,0
BRDA:125,7,6,0
BRDA:125,7,7,0
BRDA:125,7,8,0
BRDA:138,8,0,0
BRDA:138,8,1,0
BRDA:139,9,0,0
BRDA:139,9,1,0
BRDA:139,9,2,0
BRDA:139,9,3,0
BRDA:139,9,4,0
BRDA:150,10,0,0
BRDA:150,10,1,0
BRDA:183,11,0,0
BRDA:183,11,1,0
BRF:44
BRH:0
end_of_record
TN:
SF:/Users/davidescalzo/Desktop/kauri-serverless/app/lib/Epics/FetchUserDetailsEpic.ts
FN:30,(anonymous_0)
FN:37,(anonymous_1)
FN:44,(anonymous_2)
FN:50,(anonymous_3)
FN:51,(anonymous_4)
FN:57,(anonymous_5)
FNF:6
FNH:0
FNDA:0,(anonymous_0)
FNDA:0,(anonymous_1)
FNDA:0,(anonymous_2)
FNDA:0,(anonymous_3)
FNDA:0,(anonymous_4)
FNDA:0,(anonymous_5)
DA:9,0
DA:10,0
DA:30,0
DA:32,0
DA:37,0
DA:39,0
DA:49,0
DA:50,0
DA:52,0
DA:58,0
LF:10
LH:0
BRDA:58,0,0,0
BRDA:58,0,1,0
BRF:2
BRH:0
end_of_record
TN:
SF:/Users/davidescalzo/Desktop/kauri-serverless/app/lib/Epics/HideIntroBannerEpic.ts
FN:8,(anonymous_0)
FN:16,(anonymous_1)
FN:18,(anonymous_2)
FN:19,(anonymous_3)
FNF:4
FNH:0
FNDA:0,(anonymous_0)
FNDA:0,(anonymous_1)
FNDA:0,(anonymous_2)
FNDA:0,(anonymous_3)
DA:5,0
DA:6,0
DA:8,0
DA:17,0
DA:18,0
DA:20,0
LF:6
LH:0
BRF:0
BRH:0
end_of_record
TN:
SF:/Users/davidescalzo/Desktop/kauri-serverless/app/lib/Epics/RouteChangeEpic.ts
FN:13,(anonymous_0)
FN:24,(anonymous_1)
FN:31,(anonymous_2)
FN:33,(anonymous_3)
FN:34,(anonymous_4)
FNF:5
FNH:0
FNDA:0,(anonymous_0)
FNDA:0,(anonymous_1)
FNDA:0,(anonymous_2)
FNDA:0,(anonymous_3)
FNDA:0,(anonymous_4)
DA:5,0
DA:13,0
DA:14,0
DA:24,0
DA:26,0
DA:32,0
DA:33,0
DA:34,0
LF:8
LH:0
BRDA:14,0,0,0
BRDA:14,0,1,0
BRDA:15,1,0,0
BRDA:15,1,1,0
BRF:4
BRH:0
end_of_record
TN:
SF:/Users/davidescalzo/Desktop/kauri-serverless/app/lib/Epics/ShowConfirmationModalEpic.ts
FN:24,(anonymous_0)
FN:26,(anonymous_1)
FN:33,(anonymous_2)
FN:38,(anonymous_3)
FN:39,(anonymous_4)
FNF:5
FNH:0
FNDA:0,(anonymous_0)
FNDA:0,(anonymous_1)
FNDA:0,(anonymous_2)
FNDA:0,(anonymous_3)
FNDA:0,(anonymous_4)
DA:5,0
DA:9,0
DA:24,0
DA:25,0
DA:26,0
DA:28,0
DA:37,0
DA:38,0
DA:39,0
LF:9
LH:0
BRF:0
BRH:0
end_of_record
TN:
SF:/Users/davidescalzo/Desktop/kauri-serverless/app/lib/Epics/ShowNotificationEpic.ts
FN:7,(anonymous_0)
FN:25,(anonymous_1)
FN:36,(anonymous_2)
FN:38,(anonymous_3)
FN:39,(anonymous_4)
FNF:5
FNH:0
FNDA:0,(anonymous_0)
FNDA:0,(anonymous_1)
FNDA:0,(anonymous_2)
FNDA:0,(anonymous_3)
FNDA:0,(anonymous_4)
DA:5,0
DA:7,0
DA:9,0
DA:25,0
DA:30,0
DA:37,0
DA:38,0
DA:39,0
LF:8
LH:0
BRF:0
BRH:0
end_of_record
TN:
SF:/Users/davidescalzo/Desktop/kauri-serverless/app/lib/reactmde-commands/advanced-modal.tsx
FN:26,(anonymous_0)
FN:28,(anonymous_1)
FN:32,(anonymous_2)
FN:39,(anonymous_3)
FN:68,(anonymous_4)
FN:69,(anonymous_5)
FNF:6
FNH:0
FNDA:0,(anonymous_0)
FNDA:0,(anonymous_1)
FNDA:0,(anonymous_2)
FNDA:0,(anonymous_3)
FNDA:0,(anonymous_4)
FNDA:0,(anonymous_5)
DA:25,0
DA:26,0
DA:29,0
DA:33,0
DA:40,0
DA:63,0
DA:69,0
DA:70,0
LF:8
LH:0
BRDA:42,0,0,0
BRDA:42,0,1,0
BRF:2
BRH:0
end_of_record
TN:
SF:/Users/davidescalzo/Desktop/kauri-serverless/app/lib/reactmde-commands/mediumImport.tsx
FN:12,(anonymous_0)
FNF:1
FNH:0
FNDA:0,(anonymous_0)
DA:4,0
LF:1
LH:0
BRF:0
BRH:0
end_of_record
TN:
SF:/Users/davidescalzo/Desktop/kauri-serverless/app/lib/reactmde-commands/upload-image.tsx
FN:15,(anonymous_0)
FN:16,(anonymous_1)
FN:26,(anonymous_2)
FNF:3
FNH:0
FNDA:0,(anonymous_0)
FNDA:0,(anonymous_1)
FNDA:0,(anonymous_2)
DA:8,0
DA:10,0
DA:16,0
DA:17,0
DA:18,0
DA:23,0
DA:25,0
DA:26,0
DA:27,0
DA:32,0
DA:39,0
DA:40,0
DA:41,0
DA:43,0
LF:14
LH:0
BRF:0
BRH:0
end_of_record
TN:
SF:/Users/davidescalzo/Desktop/kauri-serverless/app/lib/reactmde-commands/youtube.tsx
FN:8,(anonymous_0)
FN:28,(anonymous_1)
FN:29,(anonymous_2)
FNF:3
FNH:0
FNDA:0,(anonymous_0)
FNDA:0,(anonymous_1)
FNDA:0,(anonymous_2)
DA:8,0
DA:9,0
DA:10,0
DA:11,0
DA:12,0
DA:13,0
DA:14,0
DA:15,0
DA:16,0
DA:17,0
DA:19,0
DA:23,0
DA:29,0
DA:30,0
DA:31,0
DA:37,0
DA:41,0
DA:42,0
DA:43,0
DA:48,0
DA:55,0
LF:21
LH:0
BRDA:9,0,0,0
BRDA:9,0,1,0
BRDA:9,1,0,0
BRDA:9,1,1,0
BRDA:12,2,0,0
BRDA:12,2,1,0
BRDA:12,3,0,0
BRDA:12,3,1,0
BRDA:15,4,0,0
BRDA:15,4,1,0
BRDA:15,5,0,0
BRDA:15,5,1,0
BRDA:41,6,0,0
BRDA:41,6,1,0
BRF:14
BRH:0
end_of_record
